Case #1: 15 25
Case #2: 0 0
Case #3: 81 567
Case #4: 181 244
Case #5: 0 0
Case #6: 5000000 5000000
Case #7: 10000 9990000
Case #8: 6073 14380
Case #9: 9103 19837
Case #10: 6754 24279
Case #11: 14392 31452
Case #12: 6259 17030
Case #13: 15634 41732
Case #14: 16904 40737
Case #15: 11935 34922
Case #16: 15922 47215
Case #17: 22864 70705
Case #18: 24274 65620
Case #19: 20277 62209
Case #20: 21543 77151
Case #21: 34826 62292
Case #22: 35519 84021
Case #23: 27265 79520
Case #24: 26760 89267
Case #25: 37232 94392
Case #26: 41559 90837
Case #27: 29451 99165
Case #28: 43793 107262
Case #29: 46001 127160
Case #30: 35921 152217
Case #31: 48744 126423
Case #32: 56080 132249
Case #33: 44550 156194
Case #34: 39319 128152
Case #35: 48217 148912
Case #36: 48390 138580
Case #37: 51942 145462
Case #38: 56510 131536
Case #39: 56478 149663
Case #40: 59412 132820
Case #41: 61560 164111
Case #42: 68922 205720
Case #43: 59748 177979
Case #44: 66271 204969
Case #45: 73200 202438
Case #46: 82343 206828
Case #47: 69943 226090
Case #48: 71308 194625
Case #49: 71470 249870
Case #50: 66164 231026
Case #51: 77003 234120
Case #52: 77782 214620
Case #53: 83642 279702
Case #54: 1685404 5161818
Case #55: 1620370 4890973
Case #56: 1689416 5015036
Case #57: 1628477 4990211
Case #58: 1655326 4977603
Case #59: 1676685 4945140
Case #60: 1655194 5049297
Case #61: 1629033 4940329
Case #62: 1711319 4830698
Case #63: 1657247 5041767
Case #64: 1724542 5045166
Case #65: 1633457 5135121
Case #66: 1719760 4962462
Case #67: 1636475 5003299
Case #68: 1637796 4877401
Case #69: 1666631 4925794
Case #70: 1668394 5125699
Case #71: 1643838 5040537
Case #72: 1682228 5134071
Case #73: 1674728 4876352
Case #74: 1641278 4938816
Case #75: 1663388 4903606
Case #76: 1702645 5081148
Case #77: 1664385 5040799
Case #78: 1673132 4954326
Case #79: 1623114 4978709
Case #80: 1619356 4987338
Case #81: 1710834 4973696
Case #82: 1579755 4920134
Case #83: 1666948 5048346
Case #84: 1732172 5069516
Case #85: 1693435 5051625
Case #86: 1666213 4982796
Case #87: 1619946 5025965
Case #88: 1583266 5069032
Case #89: 1647652 4868577
Case #90: 1647716 4920449
Case #91: 1663055 4850569
Case #92: 1667428 4991230
Case #93: 1654134 4937884
Case #94: 1694936 4927767
Case #95: 1614145 4993439
Case #96: 1711760 5023991
Case #97: 1652318 5035631
Case #98: 1623256 5020569
Case #99: 1648380 4705181
Case #100: 1646740 5068796
