Case #1: 15 25
Case #2: 0 0
Case #3: 81 567
Case #4: 181 244
Case #5: 0 0
Case #6: 500 500
Case #7: 100 900
Case #8: 173 201
Case #9: 76 137
Case #10: 80 240
Case #11: 150 243
Case #12: 140 400
Case #13: 134 320
Case #14: 115 375
Case #15: 276 389
Case #16: 189 351
Case #17: 120 296
Case #18: 94 354
Case #19: 168 331
Case #20: 125 339
Case #21: 143 430
Case #22: 149 288
Case #23: 117 325
Case #24: 131 438
Case #25: 98 336
Case #26: 178 465
Case #27: 76 260
Case #28: 178 327
Case #29: 71 274
Case #30: 72 297
Case #31: 112 273
Case #32: 177 303
Case #33: 95 415
Case #34: 220 442
Case #35: 232 307
Case #36: 153 378
Case #37: 215 410
Case #38: 180 436
Case #39: 142 337
Case #40: 119 425
Case #41: 113 217
Case #42: 166 427
Case #43: 253 371
Case #44: 152 488
Case #45: 169 417
Case #46: 134 324
Case #47: 261 424
Case #48: 218 433
Case #49: 217 385
Case #50: 113 427
Case #51: 146 502
Case #52: 152 356
Case #53: 207 491
Case #54: 147 383
Case #55: 79 430
Case #56: 136 469
Case #57: 82 200
Case #58: 170 432
Case #59: 110 295
Case #60: 79 369
Case #61: 132 303
Case #62: 92 390
Case #63: 203 399
Case #64: 103 260
Case #65: 121 281
Case #66: 105 342
Case #67: 234 560
Case #68: 114 436
Case #69: 215 373
Case #70: 135 315
Case #71: 127 354
Case #72: 126 327
Case #73: 182 363
Case #74: 170 488
Case #75: 125 336
Case #76: 170 416
Case #77: 104 297
Case #78: 160 434
Case #79: 155 365
Case #80: 145 567
Case #81: 102 345
Case #82: 110 314
Case #83: 123 280
Case #84: 182 486
Case #85: 160 388
Case #86: 166 378
Case #87: 133 208
Case #88: 199 431
Case #89: 178 394
Case #90: 151 346
Case #91: 109 211
Case #92: 146 421
Case #93: 180 439
Case #94: 126 311
Case #95: 161 386
Case #96: 105 314
Case #97: 143 373
Case #98: 154 296
Case #99: 179 336
Case #100: 187 301
