Case #1: 290 552957703
Case #2: 233 950378924
Case #3: 95 1320
Case #4: 108 2592
Case #5: 221 874398678
Case #6: 297 423998734
Case #7: 68 24
Case #8: 5 2
Case #9: 28 576
Case #10: 132 67108862
Case #11: 273 428097455
Case #12: 308 323277355
Case #13: 3 1
Case #14: 51 16777216
Case #15: 77 1330560
Case #16: 67 6
Case #17: 347 821602068
Case #18: 101 14400
Case #19: 10 2
Case #20: 66 10080
Case #21: 1534 792845266
Case #22: 25 576
Case #23: 242 290812633
Case #24: 231 731842527
Case #25: 162 8498544
Case #26: 63 343417274
Case #27: 26 1
Case #28: 358 640379400
Case #29: 9 1
Case #30: 156 459042011
Case #31: 4284 482986626
Case #32: 2 1
Case #33: 154 5293440
Case #34: 75 286356338
Case #35: 89 6840
Case #36: 98500 479912832
Case #37: 322 306370836
Case #38: 209 944784
Case #39: 134 535256336
Case #40: 150 77196
Case #41: 82 16800
Case #42: 90 1266
Case #43: 297 798327895
Case #44: 293 556372014
Case #45: 265 358167850
Case #46: 44 1320
Case #47: 3552 134160177
Case #48: 118 233124
Case #49: 53 331776
Case #50: 99300 564054819
Case #51: 198 181440000
Case #52: 151 14515200
Case #53: 101 1
Case #54: 15 1
Case #55: 106 1320
Case #56: 246 681066522
Case #57: 201 102761468
Case #58: 83 876
Case #59: 184 45360
Case #60: 221 178290591
Case #61: 283 299450412
Case #62: 99600 240504009
Case #63: 10 8
Case #64: 315 81978484
Case #65: 332 780160359
Case #66: 265 542177916
Case #67: 191 91180080
Case #68: 22 16
Case #69: 2 1
Case #70: 56 240
Case #71: 167 98304
Case #72: 125 15000
Case #73: 12 2
Case #74: 50 24
Case #75: 302 907701062
Case #76: 201 192836972
Case #77: 133 664483953
Case #78: 174 14400000
Case #79: 5 1
Case #80: 7 30
Case #81: 100100 210072921
Case #82: 234 839808
Case #83: 61 720
Case #84: 135 920205073
Case #85: 296 597697787
Case #86: 287 447936043
Case #87: 11 1
Case #88: 275 623264724
Case #89: 148 98264880
Case #90: 350 440732388
Case #91: 358 158496617
Case #92: 183 108864000
Case #93: 26 24
Case #94: 41 30
Case #95: 329 879802054
Case #96: 180 265552560
Case #97: 84 24
Case #98: 182 542462702
Case #99: 117 40824
Case #100: 68 240
