Case #1: 1 2 3 4 5
Case #2: IMPOSSIBLE
Case #3: 2 1
Case #4: 2 1 4 3
Case #5: 2 1 8 7 6 5 4 3 14 11 10 9 13 12 18 17 16 15 20 19
Case #6: IMPOSSIBLE
Case #7: IMPOSSIBLE
Case #8: 1
Case #9: IMPOSSIBLE
Case #10: 1 3 2 7 11 5 4 13 6 10 8 12 9 14 15
Case #11: 1 2 3
Case #12: 1 6 5 7 3 9 4 2 8 10
Case #13: IMPOSSIBLE
Case #14: 5 4 6 7 10 11 8 12 2 13 14 1 15 9 16 18 19 17 20 3
Case #15: IMPOSSIBLE
Case #16: IMPOSSIBLE
Case #17: 1 2 7 8 9 10 11 12 13 14 15 16 3 17 4 18 5 19 6
Case #18: 1 2 3 4 5 7 8 9 6
Case #19: 1 4 2 3 5
Case #20: IMPOSSIBLE
Case #21: IMPOSSIBLE
Case #22: 1 2 3 5 4 6 7 8 9 10 11 12 13 14 15 16 17 18 19 20
Case #23: 1 2 3 4 5 6 7 8 9 10
Case #24: 2 4 6 9 12 1 3 13 5 14 7 8 10 15 16 11 17 18 19 20
Case #25: 2 14 8 11 3 9 5 4 6 10 1 12 13 15 16 17 18 7 19 20
