Case #1: 1 2 3 4 5
Case #2: 6 2 1 3 4 5 7 8 9 10 11 12 13 14 15 16 17 18 19 20
Case #3: 2 1
Case #4: 1 2 3
Case #5: IMPOSSIBLE
Case #6: 1 2 3 5 4
Case #7: 20 7 1 6 5 4 3 2 10 8 9 19 16 15 14 13 12 11 18 17
Case #8: 5 6 1 3 8 2 7 10 13 14 16 12 9 17 4 15 18 11 19 20
Case #9: IMPOSSIBLE
Case #10: 1 2 3 5 6 7 8 9 10 4
Case #11: 1 2 3 5 6 7 4 8 9 10 11 12 13 14 15 17 16 18 19 20
Case #12: IMPOSSIBLE
Case #13: 1 2 3 4 5 6 7 8 9
Case #14: 1 2 3 4 5 6 7 8 9 10 11 12 13 14 15
Case #15: IMPOSSIBLE
Case #16: 1 5 6 4 8 2 9 10 11 3 12 15 16 7 17 18 19 13 20 14
Case #17: 14 13 3 5 7 6 10 2 4 11 12 1 15 9 8 16 17 18 19 20
Case #18: IMPOSSIBLE
Case #19: IMPOSSIBLE
Case #20: IMPOSSIBLE
Case #21: 1
Case #22: 2 1 4 3
Case #23: IMPOSSIBLE
Case #24: 1 2 7 8 9 10 11 12 13 14 15 16 3 17 4 18 5 19 6
Case #25: 6 1 4 7 2 9 3 5 10 8
