Case #1: 98 98
Case #2: 927 25
Case #3: 977 16
Case #4: 996 53
Case #5: 966 30
Case #6: 995 42
Case #7: 946 11
Case #8: 0 0
Case #9: 962 9
Case #10: 660 28
Case #11: 434 10
Case #12: 962 14
Case #13: 69 6
Case #14: 990 40
Case #15: 0 0
Case #16: 977 27
Case #17: 980 22
Case #18: 0 0
Case #19: 986 56
Case #20: 0 0
Case #21: 984 22
Case #22: 751 751
Case #23: 972 23
Case #24: 953 5
Case #25: 44 44
Case #26: 975 16
Case #27: 992 22
Case #28: 503 31
Case #29: 992 51
Case #30: 328 328
Case #31: 0 0
Case #32: 0 0
Case #33: 871 13
Case #34: 983 24
Case #35: 318 8
Case #36: 940 5
Case #37: 46 5
Case #38: 983 36
Case #39: 233 16
Case #40: 815 8
Case #41: 1000 1000
Case #42: 0 0
Case #43: 492 21
Case #44: 214 13
Case #45: 691 27
Case #46: 40 7
Case #47: 979 16
Case #48: 823 47
Case #49: 985 32
Case #50: 968 17
