Case #1: 7 2
Case #2: 7 3
Case #3: 0 0
Case #4: 10 10
Case #5: 1 1
Case #6: 0 0
Case #7: 3 1
Case #8: 10 3
Case #9: 1 1
Case #10: 0 0
Case #11: 4 0
Case #12: 2 0
Case #13: 0 0
Case #14: 9 5
Case #15: 1 1
Case #16: 8 1
Case #17: 6 2
Case #18: 9 4
Case #19: 6 4
Case #20: 3 1
Case #21: 0 0
Case #22: 10 10
Case #23: 0 0
Case #24: 10 10
Case #25: 0 0
Case #26: 7 2
Case #27: 10 10
Case #28: 4 4
Case #29: 5 1
Case #30: 10 7
Case #31: 10 10
Case #32: 10 10
Case #33: 10 3
Case #34: 9 5
Case #35: 8 6
Case #36: 5 2
Case #37: 7 3
Case #38: 1 1
Case #39: 0 0
Case #40: 7 1
Case #41: 4 1
Case #42: 4 2
Case #43: 6 1
Case #44: 7 2
Case #45: 3 2
Case #46: 10 10
Case #47: 8 1
Case #48: 10 10
Case #49: 0 0
Case #50: 7 0
