Case #1: 
0
0
0
0
0
0
0
0
0
0
0
0
0
0
0
0
0
0
0
0
0
0
0
0
0
0
0
0
0
0
0
0
0
0
0
0
0
0
0
0
0
0
0
0
0
0
0
0
0
0
0
0
0
0
0
0
0
0
0
0
0
0
0
0
0
0
0
0
0
0
0
0
0
0
0
0
0
0
0
0
0
0
0
0
0
0
0
0
0
0
0
0
0
0
0
0
0
0
0
0
0
0
0
0
0
0
0
0
0
0
0
0
0
0
0
0
0
0
0
0
0
0
0
0
0
0
0
0
0
0
0
0
0
0
0
0
0
0
0
0
0
0
0
0
0
0
0
0
0
0
0
0
0
0
0
0
0
0
0
0
0
0
0
0
0
0
0
0
0
0
0
0
0
0
0
0
0
0
0
0
0
0
0
0
0
0
0
0
0
0
0
0
0
0
0
0
0
0
0
0
0
0
0
0
0
0
0
0
0
0
0
0
0
0
0
0
0
0
0
0
0
0
0
0
0
0
0
0
0
0
0
0
0
0
0
0
0
0
0
0
0
0
0
0
0
0
0
0
0
0
0
0
0
0
0
0
0
0
0
0
0
0
0
0
0
0
0
0
0
0
0
0
0
0
0
0
0
0
0
0
0
0
0
0
0
0
0
0
0
0
0
0
0
0
0
0
0
0
0
0
0
0
0
0
0
0
0
0
0
0
0
0
0
0
0
0
0
0
0
0
0
0
0
0
0
0
0
0
0
0
0
0
0
0
0
0
0
0
0
0
0
0
0
0
0
0
0
0
0
0
0
0
0
0
0
0
0
0
0
0
0
0
0
0
0
0
0
0
0
0
0
0
0
0
0
0
0
0
0
0
0
0
0
0
0
0
0
0
0
0
0
0
0
0
0
0
0
0
0
0
0
0
0
0
0
0
0
0
0
0
0
0
0
0
0
0
0
0
0
0
0
0
0
0
0
0
0
0
0
0
0
0
0
0
0
0
0
0
0
0
0
0
0
0
0
0
0
0
0
0
0
0
0
0
0
0
0
0
0
0
0
0
0
0
0
0
0
0
0
0
0
0
0
0
0
0
0
0
0
0
0
0
0
0
0
0
0
0
0
0
0
0
0
0
0
0
0
0
0
0
0
0
0
0
0
0
0
0
0
0
0
0
0
0
0
0
0
0
0
0
0
0
0
0
0
0
0
0
0
0
0
0
0
0
0
0
0
0
0
0
0
0
0
0
0
0
0
0
0
0
0
0
0
0
0
0
0
0
0
0
0
0
0
0
0
0
0
0
0
0
0
0
0
0
0
0
0
0
0
0
0
0
0
0
0
0
0
0
0
0
0
0
0
0
0
0
0
0
0
0
0
0
0
0
0
0
0
0
0
0
0
0
0
0
0
0
0
0
0
0
0
0
0
0
0
0
0
0
0
0
0
0
0
0
0
0
0
0
0
0
0
0
0
0
0
0
0
0
0
0
0
0
0
0
0
0
0
0
0
0
0
0
0
0
0
0
0
0
0
0
0
0
0
0
0
0
0
0
0
0
0
0
0
0
0
0
0
0
0
0
0
0
0
0
0
0
0
0
0
0
0
0
0
0
0
0
0
0
0
0
0
0
0
0
0
0
0
0
0
0
0
0
0
0
0
0
0
0
0
0
0
0
0
0
0
0
0
0
0
0
0
0
0
0
0
0
0
0
0
0
0
0
0
0
0
0
0
0
0
0
0
0
0
0
0
0
0
0
0
0
0
0
0
0
0
0
0
0
0
0
0
0
0
0
0
0
0
0
0
0
0
0
0
0
0
0
0
0
0
0
0
0
0
0
0
0
0
0
0
0
0
0
0
0
0
0
0
0
0
0
0
0
0
0
0
0
0
0
0
0
0
0
0
0
0
0
0
0
0
0
0
0
0
0
0
0
0
0
0
0
0
0
0
0
0
0
0
0
0
0
0
0
0
0
0
0
0
0
0
0
0
0
0
0
0
0
0
0
0
0
0
0
0
0
0
0
0
0
0
0
0
0
0
0
0
0
0
0
0
0
0
0
0
0
0
0
0
0
0
0
0
0
0
0
0
0
0
0
0
0
0
0
0
0
0
0
0
0
0
0
0
0
0
0
0
0
0
0
0
0
0
0
0
0
0
0
0
0
0
0
0
0
0
0
0
0
0
0
0
0
0
0
0
0
0
0
0
0
0
0
0
0
0
0
0
0
0
0
0
0
0
0
0
0
0
0
0
0
0
0
0
0
0
0
0
0
0
0
0
0
0
0
0
0
0
0
0
0
0
0
0
0
0
0
0
0
0
0
0
0
0
0
0
0
0
0
0
0
0
0
0
0
0
0
0
0
0
0
0
0
0
0
0
0
0
0
0
0
0
0
0
0
0
0
0
0
0
0
0
0
0
0
0
0
0
0
0
0
0
0
0
0
0
0
0
0
0
0
0
0
0
0
0
0
0
0
0
0
0
0
0
0
0
0
0
0
0
0
0
0
0
0
0
0
0
0
0
0
0
0
0
0
0
0
0
0
0
0
0
0
0
0
0
0
0
0
0
0
0
0
0
0
0
0
0
0
0
0
0
0
0
0
0
0
0
0
0
0
0
0
0
0
0
0
0
0
0
0
0
0
0
0
0
0
0
0
0
0
0
0
0
0
0
0
0
0
0
0
0
0
0
0
0
0
0
0
0
0
0
0
0
0
0
0
0
0
0
0
0
0
0
0
0
0
0
0
0
0
0
0
0
0
0
0
0
0
0
0
0
0
0
0
0
0
0
0
0
0
0
0
0
0
0
0
0
0
0
0
0
0
0
0
0
0
0
0
0
0
0
0
0
0
0
0
0
0
0
0
0
0
0
0
0
0
0
0
0
0
0
0
0
0
0
0
0
0
0
0
0
0
0
0
0
0
0
0
0
0
0
0
0
0
0
0
0
0
0
0
0
0
0
0
0
0
0
0
0
0
0
0
0
0
0
0
0
0
0
0
0
0
0
0
0
0
0
0
0
0
0
0
0
0
0
0
0
0
0
0
0
0
0
0
0
0
0
0
0
0
0
0
0
0
0
0
0
Case #2: 
516
312
19
87
345
14
291
4
145
274
1216
218
881
66
250
772
261
470
94
961
43
1024
1244
147
461
78
98
570
319
200
362
204
16
10
562
35
762
332
202
260
810
15
362
436
125
902
178
81
10
585
314
160
0
407
456
712
14
402
641
182
1253
661
5
100
1186
804
173
669
291
161
157
232
557
94
209
733
432
93
578
562
500
538
1
47
61
854
242
408
772
281
1214
297
1019
321
944
270
302
726
930
511
976
281
556
129
604
231
182
52
138
276
62
309
1057
37
1233
490
13
792
211
2
658
129
1178
11
34
316
467
85
68
687
150
562
35
114
1133
603
102
66
250
219
219
30
260
458
213
757
1108
243
447
354
361
7
21
347
377
44
599
824
617
110
21
394
910
74
97
142
118
340
407
350
95
608
354
640
862
1100
712
165
572
31
1158
355
441
548
936
219
416
711
391
70
334
201
836
314
1238
95
1147
474
462
895
997
668
621
5
155
171
175
243
112
147
198
597
458
1276
428
162
526
141
232
61
335
961
34
3
6
21
1131
1169
981
85
31
165
270
110
159
583
965
49
49
84
118
83
227
78
385
138
614
1076
283
570
695
206
493
38
91
533
387
202
892
129
1242
607
169
699
1140
235
1249
800
141
899
181
16
378
1046
329
426
1119
61
500
3
432
681
266
2
89
326
828
798
157
374
13
901
155
70
964
102
185
669
1061
35
62
414
959
1039
31
609
95
79
50
137
195
291
138
497
131
135
233
724
71
438
52
69
250
40
713
380
206
131
772
753
91
762
22
436
454
304
49
892
131
496
621
175
42
4
138
653
32
491
139
4
10
68
1005
1334
213
794
687
653
501
327
46
1128
303
27
0
366
6
660
263
220
684
69
728
16
77
587
831
1005
133
229
424
344
1
46
11
257
132
338
120
15
558
196
20
779
106
105
607
99
19
363
568
4
305
662
299
331
449
25
138
215
57
420
68
1193
0
43
5
115
187
988
384
536
252
526
621
1049
209
514
261
431
1
1325
739
181
181
267
845
318
94
377
310
42
930
396
120
750
123
490
68
28
774
380
704
670
0
1045
685
154
628
3
60
415
36
595
43
171
350
512
234
9
11
433
168
139
331
847
441
489
393
251
655
19
152
252
603
291
53
594
142
799
88
97
7
213
603
635
773
433
3
485
100
761
436
127
661
218
549
14
169
330
33
318
495
195
401
111
492
913
32
1006
8
385
331
254
974
61
640
253
966
619
223
1084
467
1
160
32
154
21
305
225
615
852
83
141
360
137
891
73
252
188
469
53
6
103
636
216
396
792
34
242
736
327
1
1076
251
274
433
262
719
13
279
185
1170
168
417
574
56
210
450
73
785
442
14
123
140
167
11
117
240
43
365
238
10
692
17
882
78
571
321
248
298
404
940
492
27
635
286
629
177
291
485
1022
708
934
294
612
540
67
484
95
11
505
183
170
1
793
1098
959
110
1232
105
143
728
128
1386
125
1073
643
124
412
534
63
256
56
577
551
1
432
1051
929
773
237
381
85
329
781
139
174
0
27
170
15
553
1003
789
411
622
239
351
748
142
138
53
94
154
327
213
70
180
176
18
263
368
135
17
6
248
402
114
77
154
609
1264
412
418
45
288
214
591
228
49
1121
1053
670
707
4
761
652
39
295
447
525
493
256
28
1008
585
123
342
29
302
97
881
84
428
7
533
276
1171
1092
388
243
871
566
11
74
2
6
131
213
293
9
415
105
376
691
218
379
231
67
479
833
226
1069
700
119
98
463
56
1028
11
946
716
297
915
55
360
158
192
59
502
55
358
115
126
306
138
67
78
102
463
951
55
121
0
20
241
45
57
182
1
705
53
34
72
232
54
126
813
284
148
1189
28
893
190
720
158
209
593
124
357
222
102
6
65
136
25
109
453
283
325
165
297
755
1220
11
58
728
6
120
42
121
778
510
1142
1175
198
325
139
781
196
27
6
12
919
950
144
847
1120
143
148
26
31
325
679
7
386
1025
653
184
36
1017
977
302
577
1133
21
27
657
556
7
75
681
323
588
72
223
385
885
47
220
409
175
0
292
77
529
50
552
230
114
2
1286
999
447
827
530
503
61
31
124
547
167
231
51
643
111
716
80
156
148
194
398
941
71
799
560
20
88
126
563
164
99
28
38
316
519
224
36
33
39
269
813
61
29
562
56
976
337
211
1127
378
73
734
586
1184
126
24
693
335
390
130
400
24
53
917
222
412
446
163
63
77
221
370
829
632
124
676
816
167
352
287
41
508
617
1067
187
1057
619
96
60
102
38
21
499
42
164
222
462
1
38
402
110
293
4
302
178
16
61
623
925
93
13
3
914
1102
141
325
155
392
336
190
1086
98
138
85
987
1243
370
509
120
81
259
323
312
61
376
744
412
410
1210
85
494
451
61
1221
527
277
38
151
446
362
24
301
104
392
89
774
439
76
522
3
12
321
170
73
217
276
118
310
149
356
437
27
136
2
501
433
364
69
385
544
662
112
241
332
93
25
148
905
253
127
642
213
298
415
282
340
200
305
1239
214
113
459
38
315
358
1077
176
290
38
153
10
66
242
636
65
146
12
368
111
177
225
65
23
247
465
370
59
144
48
1101
773
217
182
49
451
511
871
4
471
440
71
754
11
643
164
969
9
420
111
140
123
126
115
93
165
231
560
194
81
656
466
374
41
17
172
726
7
218
138
24
57
848
87
780
750
186
587
0
4
108
178
255
661
636
0
65
43
1122
197
566
188
118
1009
21
210
220
299
516
321
199
592
1139
514
10
351
143
1
358
152
15
799
1139
366
481
84
1170
186
83
237
19
306
216
480
651
726
167
599
687
47
87
95
396
20
467
225
400
296
323
1
1
67
549
13
413
135
127
284
62
374
366
631
669
500
116
472
692
1
1171
384
151
39
632
52
416
553
275
6
5
344
89
23
1017
188
771
36
506
562
113
37
539
788
80
131
3
227
704
789
399
928
629
377
424
202
1141
195
74
301
182
121
4
646
24
23
720
90
148
335
14
206
862
0
33
344
1
335
916
226
264
21
554
395
591
180
479
515
986
424
398
107
202
204
300
612
183
19
294
215
687
841
171
219
630
615
642
168
501
51
366
226
92
75
112
752
18
187
137
432
217
17
277
187
354
24
427
227
1023
213
490
809
935
128
26
26
747
127
715
554
908
284
390
1145
1018
221
59
20
14
90
85
619
441
413
99
386
589
623
106
894
639
673
574
463
240
66
664
217
371
66
131
39
416
382
842
27
139
613
171
54
223
617
183
678
120
650
168
479
234
396
75
569
303
487
16
723
262
988
959
4
413
1108
934
125
543
492
0
398
702
234
312
396
141
903
958
722
646
69
27
324
82
52
607
237
105
885
181
37
361
249
440
616
6
315
183
42
497
410
850
187
60
365
348
180
676
308
464
715
14
317
287
73
65
417
187
419
275
60
180
9
346
561
914
324
528
474
45
3
216
50
1123
248
2
774
982
362
564
179
51
3
285
369
16
820
46
141
150
512
469
1309
428
1217
422
218
833
392
9
1140
80
258
1068
132
822
1074
532
475
290
171
944
4
1069
67
129
96
145
478
215
280
387
204
375
178
393
103
476
133
811
377
330
29
1247
538
142
655
231
921
698
324
119
160
359
26
624
113
268
128
92
52
410
158
118
74
227
748
428
14
30
5
1025
558
88
56
210
59
322
1032
62
267
458
4
408
141
166
365
410
330
316
62
611
973
109
15
1134
316
101
55
475
678
193
184
300
869
644
324
117
514
17
37
75
312
209
7
741
169
496
239
362
216
284
774
167
470
339
934
250
24
385
23
382
756
560
654
103
982
0
310
105
53
575
101
487
496
426
137
22
4
166
9
565
86
41
762
556
626
673
122
3
36
253
78
39
1363
311
372
536
174
850
189
545
8
426
455
835
414
544
131
30
288
372
80
862
812
59
210
173
667
133
8
284
715
107
331
987
18
121
579
403
32
110
1008
108
368
435
796
305
330
453
577
3
23
234
104
670
31
6
935
293
160
158
1273
965
948
9
750
841
467
313
436
600
5
108
242
644
52
839
633
345
130
1133
260
764
518
57
117
38
170
62
436
664
1041
61
218
384
349
22
44
185
408
221
429
333
13
353
256
5
675
421
71
395
287
72
482
301
72
830
1336
387
0
569
481
75
193
235
256
588
105
1145
306
15
309
792
1120
1093
204
138
639
817
20
67
405
879
363
41
22
119
955
508
1272
304
236
507
254
275
61
549
31
175
364
265
841
571
808
60
880
383
176
143
31
81
32
344
347
26
94
710
282
102
91
272
478
421
153
524
138
890
136
99
496
143
124
735
134
174
38
765
173
105
18
45
687
8
511
826
1
182
427
451
325
207
785
214
703
586
183
909
8
113
158
180
806
109
331
347
42
20
218
250
88
95
34
186
77
251
658
196
12
110
744
74
390
353
467
1045
71
925
624
524
618
27
4
13
682
25
10
988
185
106
245
132
662
231
217
582
32
228
421
465
463
218
555
106
213
4
694
878
540
46
1253
137
27
528
15
312
188
263
32
885
1074
131
269
94
255
269
63
237
369
7
1202
139
415
718
18
119
467
911
181
63
101
173
140
66
0
440
588
263
176
975
532
1
185
77
163
108
313
370
97
99
524
1
208
903
125
1203
146
54
19
109
164
184
8
545
424
864
745
23
760
560
302
577
35
371
223
132
75
1016
415
13
361
715
1199
202
330
171
47
44
374
173
642
873
88
459
499
173
1377
131
1189
734
11
974
246
266
338
304
14
274
898
128
128
635
413
180
548
272
7
1
64
285
308
1020
2
788
697
32
670
389
26
1
206
83
839
97
10
99
60
1
851
138
833
363
124
220
197
195
1224
172
174
126
348
616
850
824
503
527
166
674
84
15
265
119
132
577
16
576
1306
2
165
456
131
15
15
43
48
451
1031
797
130
251
75
317
623
457
1024
346
58
991
158
286
310
31
493
262
652
320
72
167
495
385
779
19
119
478
487
40
175
238
234
0
830
350
232
1096
334
406
65
705
813
71
31
103
177
15
137
146
31
335
59
296
71
59
769
424
141
45
64
850
43
708
87
132
313
26
165
542
200
443
24
157
266
76
275
899
105
5
413
18
51
183
166
1275
474
204
561
68
82
68
331
243
352
304
474
470
534
39
130
1094
457
1361
549
333
501
5
280
239
692
65
395
400
282
799
61
380
853
10
262
291
111
55
786
949
546
469
873
155
976
33
11
664
46
156
210
443
969
31
417
52
171
50
236
542
668
59
169
861
0
885
42
436
187
539
47
123
327
81
576
52
353
221
641
30
259
103
80
362
493
359
1263
35
1021
11
233
753
181
23
555
392
670
36
97
107
387
87
978
509
50
206
416
113
470
85
258
246
329
120
843
286
883
14
103
104
48
679
455
540
352
6
46
19
989
45
130
598
789
450
140
757
91
468
360
1082
1109
155
207
246
216
996
190
155
123
5
341
643
25
846
99
45
152
74
156
298
1039
83
818
418
321
762
92
67
127
610
93
49
386
21
695
10
136
690
10
44
1089
13
256
590
147
127
932
94
220
128
553
1085
13
320
154
862
449
52
144
457
463
248
632
8
541
231
23
30
451
35
878
59
937
57
252
12
1
174
4
922
424
52
96
1156
27
1192
75
1037
618
59
202
466
768
521
589
344
655
186
395
480
212
57
15
102
190
24
410
5
190
1114
40
79
407
365
354
147
942
533
951
213
209
33
439
176
25
847
269
823
513
1294
1147
6
211
365
627
218
243
464
89
457
705
237
123
4
816
662
27
493
358
100
16
349
99
329
248
80
1
769
223
10
341
949
237
3
160
28
239
490
1063
316
263
825
301
619
473
140
286
4
393
324
363
491
163
1055
89
376
1204
40
932
551
183
61
310
182
28
257
9
530
635
131
232
103
462
14
451
383
457
207
780
377
372
14
295
308
464
413
165
176
550
1222
384
426
614
42
788
975
309
465
383
99
93
800
255
1221
719
493
25
293
189
55
6
291
739
102
397
378
218
308
262
37
638
493
505
550
741
1311
94
18
937
383
639
131
44
401
250
471
1078
243
225
91
135
210
630
348
37
603
70
163
108
551
19
130
800
103
186
524
160
740
911
16
1029
153
395
872
364
754
52
133
984
830
185
699
207
469
98
1012
150
460
311
192
301
621
1006
467
398
1231
46
583
477
396
192
58
241
168
536
64
487
1038
177
1233
754
599
253
533
405
931
497
128
244
19
480
233
37
22
51
25
551
513
0
144
312
558
429
987
117
34
524
158
518
250
722
1239
414
616
96
728
571
1055
7
372
971
778
869
89
193
278
166
70
468
124
355
378
66
730
349
478
618
5
410
532
102
34
366
466
0
332
56
284
66
87
527
329
482
28
780
177
238
804
977
219
91
871
8
68
204
351
790
236
867
660
241
238
431
163
84
4
70
354
14
146
665
314
285
26
192
1310
14
427
497
665
449
838
85
680
538
305
840
135
1339
0
358
331
267
125
191
167
755
155
49
286
115
13
1018
15
389
5
176
348
667
802
614
779
391
240
64
603
341
517
113
234
262
144
286
72
102
24
95
291
29
374
120
490
695
136
542
170
852
293
542
296
44
27
976
229
5
296
99
593
81
18
31
1321
1048
687
672
1003
467
465
367
92
106
162
450
89
1222
1058
842
289
53
66
812
68
337
1088
528
430
271
84
751
397
16
71
1238
75
579
805
539
333
266
194
243
17
436
71
14
458
472
140
66
451
176
75
316
77
287
776
93
23
82
289
172
75
328
710
298
105
751
718
142
111
77
1202
785
187
604
379
Case #3: 
606
2
31
1167
716
858
1362
185
96
245
398
77
272
17
1125
107
823
29
162
236
74
635
813
139
761
1299
57
319
413
254
307
395
14
32
297
138
677
426
431
101
220
346
512
458
11
1126
143
335
497
81
227
43
466
61
108
103
332
1029
481
129
165
361
860
84
260
474
277
544
695
74
66
646
975
285
1109
687
296
138
56
476
14
132
114
716
338
448
519
51
9
23
150
73
387
12
161
559
715
919
1032
77
19
993
246
885
526
294
445
209
1081
517
200
367
111
1277
189
131
1260
82
594
123
520
806
413
706
162
91
119
53
575
348
209
232
290
1236
57
438
317
217
36
728
656
517
517
168
683
407
245
249
754
300
172
951
144
374
311
200
449
161
439
277
3
308
151
320
471
808
8
507
1248
185
238
225
245
62
202
415
195
38
38
53
606
1053
535
1342
324
922
565
614
504
15
13
648
281
710
413
228
291
381
331
36
521
170
513
1107
312
71
959
141
36
299
562
838
1016
978
155
70
880
132
645
1113
327
162
401
443
592
1137
155
277
141
1
466
437
837
62
270
1364
51
339
206
615
818
29
457
210
362
492
509
442
81
1297
1201
235
148
460
388
352
375
114
7
23
35
29
107
740
244
296
731
1121
788
136
20
436
278
965
391
65
2
11
56
24
394
229
375
379
314
563
12
541
66
582
52
654
30
307
1012
180
222
130
68
41
443
1212
350
657
458
1209
325
1012
549
1421
271
48
17
777
163
557
227
558
1127
619
231
948
26
754
982
133
98
380
186
570
8
196
490
570
786
589
130
328
8
516
239
41
833
42
91
56
1080
743
146
212
765
159
529
428
393
344
142
407
116
775
20
35
528
54
510
81
140
753
1303
1004
68
291
245
255
393
107
157
129
114
220
372
1273
497
452
50
702
635
128
0
594
73
929
0
474
29
445
102
59
857
927
190
522
592
456
924
449
12
453
989
179
45
795
410
585
360
522
446
269
75
377
311
51
200
137
134
21
28
121
1038
177
707
78
217
0
586
106
258
848
19
227
380
81
244
380
473
243
489
5
370
584
408
382
70
180
419
58
125
1036
43
9
1026
460
226
177
21
1077
387
140
419
90
72
486
1146
1375
923
729
137
264
63
298
19
164
373
348
0
188
181
176
514
49
419
106
621
208
451
564
128
67
5
17
230
58
313
341
924
749
8
0
31
200
920
173
545
376
233
17
177
665
374
1034
376
192
1051
134
123
152
457
74
1208
90
23
99
86
493
588
12
520
10
22
543
305
82
567
209
74
53
103
322
14
893
740
109
74
74
425
91
9
755
1148
633
53
131
138
1018
155
558
126
610
258
3
4
676
352
37
24
189
5
153
93
296
3
304
339
7
374
311
42
136
13
985
141
6
190
131
10
477
1209
8
1
86
1061
103
433
70
908
20
303
295
16
591
31
1114
973
98
70
23
70
79
87
815
325
533
708
196
75
282
183
148
750
330
844
127
423
3
290
436
712
470
877
481
28
363
528
423
604
4
968
17
212
320
89
49
89
132
88
140
242
262
37
2
250
63
779
193
213
1082
50
252
47
21
867
108
426
905
206
38
186
416
861
168
63
85
184
347
277
17
372
207
731
134
26
59
322
965
452
236
872
629
149
36
880
171
7
1060
539
937
420
423
101
367
809
1
616
906
4
683
412
143
98
308
173
170
506
626
568
220
516
175
548
524
549
602
93
1200
1040
29
1291
269
1099
1000
33
491
335
116
145
273
355
140
750
251
409
974
55
552
204
562
50
343
176
122
542
263
1242
116
44
809
974
716
717
407
1
60
544
694
104
357
718
1093
269
147
518
509
239
196
43
59
46
346
1302
0
71
0
98
953
414
75
19
182
34
164
242
170
50
1381
90
37
137
355
80
782
465
1156
19
22
485
40
467
1329
611
206
150
579
9
710
642
113
53
667
63
840
105
657
87
79
174
165
701
160
527
11
1361
77
267
26
2
1015
44
176
545
3
30
745
932
813
286
984
422
225
850
963
600
547
423
98
413
60
588
152
204
840
191
175
409
718
795
189
283
24
98
1132
240
118
174
153
171
309
603
43
699
202
196
1124
425
12
538
243
5
33
68
212
322
127
129
0
827
474
553
165
94
94
1007
401
47
9
271
61
89
289
837
91
326
195
766
125
48
35
99
338
305
260
50
36
261
958
216
53
8
294
152
66
270
371
2
180
652
967
109
211
191
593
216
470
217
124
754
737
549
332
95
56
238
86
431
711
6
184
13
8
618
172
21
491
11
90
39
147
435
80
190
897
224
314
557
134
743
18
26
934
580
619
780
292
330
355
991
142
1362
1070
8
283
68
138
22
194
19
519
366
268
416
276
477
3
274
126
97
347
633
221
318
17
769
268
464
108
701
552
728
59
151
619
16
637
819
312
53
279
183
685
493
760
838
41
147
103
770
131
432
9
18
524
133
129
853
93
71
958
728
5
569
83
387
433
296
13
88
72
152
268
112
677
656
760
51
74
8
18
1163
33
562
329
226
255
118
259
89
340
42
47
480
241
334
42
260
607
553
324
18
60
269
702
705
96
5
100
196
1111
226
423
82
305
502
103
380
1155
101
350
559
757
531
211
43
1247
837
756
746
315
66
165
587
732
88
317
260
578
81
542
512
474
931
776
722
735
675
41
260
74
157
435
399
577
782
669
4
148
389
54
253
273
779
800
314
540
342
104
178
279
425
22
724
72
35
733
136
182
936
161
218
324
60
352
1070
250
612
88
715
165
463
40
38
9
460
149
297
706
72
749
385
190
298
697
21
125
339
577
495
276
1198
542
57
397
699
500
362
103
801
413
265
113
104
50
258
4
58
39
12
229
1051
401
44
304
638
231
43
408
201
435
37
680
866
995
213
213
311
488
94
615
32
364
814
65
134
593
59
90
406
585
1293
51
43
886
131
1165
308
81
210
487
633
579
438
11
624
1021
5
14
992
778
10
1200
295
390
1341
834
150
904
284
378
1204
863
335
434
122
636
1071
149
342
300
374
67
74
52
159
1221
476
273
192
150
899
113
338
168
82
214
59
296
148
686
5
101
840
162
859
7
495
96
120
2
198
178
48
1214
213
992
289
215
423
1021
1323
871
22
574
128
312
188
156
32
107
910
446
222
72
532
1243
20
17
513
178
174
157
403
427
43
704
122
1258
10
24
74
162
375
86
284
297
965
1009
737
1050
14
182
624
639
21
360
107
741
290
167
21
835
171
292
746
469
818
380
214
171
156
5
365
142
456
809
66
785
82
564
104
1328
647
458
63
0
94
417
1004
184
456
816
80
41
352
411
39
448
504
341
73
158
345
267
0
225
592
644
28
138
24
1030
3
339
167
232
17
323
716
256
1
6
957
164
659
506
82
218
608
757
970
799
31
226
535
105
36
572
32
204
274
560
711
328
28
1391
622
76
279
698
241
684
57
156
274
317
279
831
38
683
459
952
1077
174
880
176
7
73
76
125
1
122
840
0
141
522
560
9
61
9
273
494
461
389
328
186
206
800
522
462
304
1000
490
853
308
0
743
380
446
239
584
919
845
432
205
11
378
265
432
153
116
911
634
563
134
974
283
66
184
10
7
6
648
508
684
422
56
125
410
887
0
384
222
81
52
588
59
159
86
38
91
551
234
480
784
151
2
385
626
58
575
158
850
706
807
971
668
609
642
195
114
480
690
73
11
403
837
743
242
240
206
66
1163
1007
834
68
13
17
8
118
891
260
19
402
809
115
352
230
108
87
1001
218
579
780
567
209
73
213
392
48
226
106
468
852
113
248
726
246
198
522
253
518
33
52
574
344
234
804
288
674
66
3
173
199
434
292
597
477
1026
74
104
166
1
634
201
372
571
1
737
744
184
53
410
195
255
263
243
15
68
234
158
1094
11
128
938
188
593
3
22
1112
331
397
457
101
108
744
78
2
1085
602
290
657
22
673
15
547
9
348
80
1040
574
278
128
75
39
42
735
979
224
811
322
34
416
149
510
682
53
68
777
65
1119
671
10
52
142
216
122
53
245
488
625
32
121
191
1145
170
517
110
581
388
1036
551
7
32
581
642
74
354
524
122
53
32
155
664
108
22
85
174
268
154
260
543
897
15
810
136
682
10
708
563
369
269
154
1010
230
1191
50
136
2
204
301
722
543
110
1253
332
452
3
981
220
836
167
1054
329
311
213
232
28
638
0
162
277
237
209
353
156
140
450
223
121
278
373
90
426
433
4
157
115
587
637
743
174
307
129
143
370
416
1399
151
233
200
241
489
103
559
79
20
624
127
595
30
144
931
171
369
40
566
553
1131
1012
1208
368
27
113
62
90
637
23
1082
335
303
37
787
81
39
17
485
411
93
288
408
365
41
85
1
18
167
183
479
831
70
366
74
575
87
1095
432
691
598
276
101
280
396
65
524
412
523
370
653
440
13
390
736
412
108
521
517
48
746
61
368
12
118
300
38
56
864
122
715
91
1039
106
51
30
24
305
410
350
68
126
427
274
302
146
354
42
297
1244
244
114
315
461
316
129
883
33
516
248
17
29
168
271
755
770
835
441
69
834
589
17
339
299
166
13
0
1223
90
41
356
1
378
307
790
547
13
6
195
56
479
29
668
90
896
0
637
495
1112
1022
100
694
458
997
18
177
210
208
25
347
2
372
171
528
193
1047
503
699
131
117
69
771
334
238
514
33
606
57
140
260
45
240
244
1025
0
505
404
888
248
1396
265
146
981
859
1319
93
668
1
59
11
3
78
413
135
370
576
308
140
302
395
222
1044
451
22
17
151
107
300
943
1085
229
43
310
296
14
239
362
1144
391
104
158
765
869
772
661
977
81
683
609
203
161
1
594
175
4
216
972
264
811
589
1000
447
209
959
97
110
629
437
707
27
673
8
204
398
1191
28
969
938
537
1342
611
298
336
204
112
387
3
623
321
33
345
247
306
272
481
175
35
10
876
453
333
146
187
157
72
689
131
377
22
421
73
346
27
352
49
796
1
1141
542
367
1020
761
506
28
116
831
61
373
219
191
169
1289
411
648
17
407
520
49
86
77
971
37
778
278
443
1014
121
307
457
611
679
210
403
120
141
76
558
186
1116
534
168
495
90
48
38
487
128
378
113
91
615
484
171
866
539
789
113
121
601
352
96
129
606
297
12
20
492
1057
136
673
185
962
100
67
127
25
32
458
429
86
356
128
55
15
2
133
851
308
21
10
13
465
219
104
603
69
141
434
256
610
194
28
389
604
225
65
1338
7
1105
249
46
727
989
183
20
1129
138
528
250
634
131
35
186
400
275
195
395
172
384
12
1001
749
360
770
89
113
1060
1286
124
328
60
161
75
44
159
225
232
390
391
48
443
243
15
1046
142
890
1049
27
46
33
280
169
150
340
143
524
950
167
563
28
495
801
813
773
1235
15
657
19
169
12
68
197
220
111
982
282
488
298
288
734
752
15
508
11
109
334
787
109
42
84
8
47
416
494
313
17
464
249
285
99
625
22
509
150
503
429
0
338
12
101
717
1021
257
80
550
825
285
119
1050
97
677
813
1006
98
75
477
793
121
292
27
135
538
45
84
86
948
116
761
377
320
337
292
486
805
315
220
188
906
214
96
74
559
66
88
454
503
474
302
822
19
604
192
66
80
31
421
515
237
254
487
1056
6
772
1292
59
670
14
108
92
47
212
34
96
16
177
313
219
262
575
754
108
206
432
102
100
124
228
110
856
155
313
49
539
107
50
619
239
37
631
1
446
248
25
853
323
94
596
268
212
271
583
1248
663
665
98
473
121
156
902
30
21
355
1094
6
0
736
409
41
190
118
22
784
725
812
32
1083
543
13
503
31
7
1149
84
100
85
6
56
1
231
644
1073
5
179
597
40
33
70
530
12
836
1314
74
785
165
502
111
54
296
1188
280
95
248
656
174
539
294
743
0
360
147
326
1226
115
154
909
290
258
364
0
426
220
17
45
2
715
340
447
103
658
25
1
165
1085
176
428
475
597
360
179
156
13
3
545
87
68
222
130
209
134
651
38
320
189
130
338
420
528
692
728
293
150
142
892
164
452
306
1024
10
71
467
59
787
661
816
18
160
589
225
128
309
1293
157
792
45
4
1460
965
15
11
199
424
218
183
16
826
67
350
123
380
170
64
87
745
236
60
268
905
126
484
154
41
560
268
580
685
873
981
324
293
549
230
167
120
125
227
951
206
330
917
1123
337
80
281
494
37
66
451
460
544
211
526
706
482
249
13
2
640
250
172
246
9
146
723
1037
825
21
401
762
190
1147
621
117
1277
175
1254
285
56
480
38
8
790
996
892
569
1046
1123
611
1310
1133
92
587
1337
14
92
467
920
481
476
950
464
432
327
765
548
124
206
409
341
250
84
159
116
561
928
88
925
319
858
20
863
632
48
899
386
47
942
954
46
50
155
245
942
224
939
19
1181
538
628
364
224
654
681
690
102
581
1092
58
111
403
168
6
18
410
447
212
97
407
95
519
84
1413
78
85
120
269
650
57
544
73
352
591
559
309
154
633
53
44
26
704
413
547
857
815
714
75
217
37
285
114
25
499
58
225
68
547
358
67
68
258
504
54
833
773
831
83
10
501
33
352
87
422
355
438
699
155
16
635
650
1303
292
530
251
120
334
195
563
493
0
233
8
17
640
747
94
340
360
547
75
319
149
105
9
203
305
428
404
776
98
621
77
305
5
382
239
186
25
657
266
330
231
360
466
727
127
545
227
835
126
498
40
151
259
270
51
200
23
610
535
577
125
184
207
150
1
204
929
125
633
57
317
335
86
941
390
786
215
286
77
12
176
761
267
262
59
523
88
1183
196
654
55
182
226
495
1000
369
130
700
55
252
161
146
916
197
2
41
167
178
144
124
482
323
716
42
633
434
1050
630
1206
35
232
13
607
120
370
23
76
106
487
500
723
83
275
35
275
379
12
1235
156
930
231
197
300
11
899
133
93
Case #4: 
0
0
0
0
0
0
0
0
0
0
0
0
0
0
0
0
0
0
0
0
0
0
0
0
0
0
0
0
0
0
0
0
0
0
0
0
0
0
0
0
0
0
0
0
0
0
0
0
0
0
0
0
0
0
0
0
0
0
0
0
0
0
0
0
0
0
0
0
0
0
0
0
0
0
0
0
0
0
0
0
0
0
0
0
0
0
0
0
0
0
0
0
0
0
0
0
0
0
0
0
0
0
0
0
0
0
0
0
0
0
0
0
0
0
0
0
0
0
0
0
0
0
0
0
0
0
0
0
0
0
0
0
0
0
0
0
0
0
0
0
0
0
0
0
0
0
0
0
0
0
0
0
0
0
0
0
0
0
0
0
0
0
0
0
0
0
0
0
0
0
0
0
0
0
0
0
0
0
0
0
0
0
0
0
0
0
0
0
0
0
0
0
0
0
0
0
0
0
0
0
0
0
0
0
0
0
0
0
0
0
0
0
0
0
0
0
0
0
0
0
0
0
0
0
0
0
0
0
0
0
0
0
0
0
0
0
0
0
0
0
0
0
0
0
0
0
0
0
0
0
0
0
0
0
0
0
0
0
0
0
0
0
0
0
0
0
0
0
0
0
0
0
0
0
0
0
0
0
0
0
0
0
0
0
0
0
0
0
0
Case #5: 
0
0
0
0
0
0
0
0
0
0
0
0
0
0
0
0
0
0
0
0
0
0
0
0
0
0
0
0
0
0
0
0
0
0
0
0
0
0
0
0
0
0
0
0
0
0
0
0
0
0
0
0
0
0
0
0
0
0
0
0
0
0
0
0
0
0
0
0
0
0
0
0
0
0
0
0
0
0
0
0
0
0
0
0
0
0
0
0
0
0
0
0
0
0
0
0
0
0
0
0
0
0
0
0
0
0
0
0
0
0
0
0
0
0
0
0
0
0
0
0
0
0
0
0
0
0
0
0
0
0
0
0
0
0
0
0
0
0
0
0
0
0
0
0
0
0
0
0
0
0
0
0
0
0
0
0
0
0
0
0
0
0
0
0
0
0
0
0
0
0
0
0
0
0
0
0
0
0
0
0
0
0
0
0
0
0
0
0
0
0
0
0
0
0
0
0
0
0
0
0
0
0
0
0
0
0
0
0
0
0
0
0
0
0
0
0
0
0
0
0
0
0
0
0
0
0
0
0
0
0
0
0
0
0
0
0
0
0
0
0
0
0
0
0
0
0
0
0
0
0
0
0
0
0
0
0
0
0
0
0
0
0
0
0
0
0
0
0
0
0
0
0
0
0
0
0
0
0
0
0
0
0
0
0
0
0
0
0
0
0
0
0
0
0
0
0
0
0
0
0
0
0
0
0
0
0
0
0
0
0
0
0
0
0
0
0
0
0
0
0
0
0
0
0
0
0
0
0
0
0
0
0
0
0
0
0
0
0
0
0
0
0
0
0
0
0
0
0
0
0
89
140
56
123
249
19
79
7
54
600
39
392
166
27
288
228
168
30
150
43
309
1
94
48
94
99
389
101
285
532
67
53
557
10
254
313
65
78
348
36
28
37
105
63
357
54
159
90
343
31
352
76
441
256
28
588
247
45
250
69
289
481
211
51
549
327
36
49
152
459
111
341
123
439
0
26
39
108
124
38
63
410
444
58
93
239
129
216
136
112
170
284
179
122
578
229
2
206
316
293
513
43
202
5
29
30
33
66
156
85
18
42
40
114
319
113
495
102
359
158
174
281
303
144
270
136
85
285
68
358
417
625
172
302
138
59
28
178
178
5
2
280
383
285
4
38
72
3
119
3
666
300
321
68
33
204
0
298
580
328
83
419
232
81
199
131
301
223
272
192
2
598
3
181
173
255
425
95
166
412
18
58
221
71
61
88
524
400
149
429
15
112
69
483
17
265
577
328
200
232
16
485
52
200
333
16
159
360
242
0
610
244
77
119
367
288
57
152
185
21
175
379
197
293
488
86
474
89
488
0
73
5
166
259
101
22
402
338
474
84
7
38
112
186
133
103
265
245
37
419
523
215
101
199
324
312
33
201
553
153
250
392
38
98
61
409
428
269
278
63
78
2
120
55
104
204
131
389
448
225
639
579
276
3
177
184
443
617
279
40
372
440
28
287
79
24
16
15
84
205
71
75
192
69
201
418
61
491
276
109
366
79
37
143
314
475
457
243
75
37
31
29
94
95
226
417
9
321
255
502
176
427
78
20
223
65
200
240
202
0
8
24
0
332
5
317
60
110
21
170
44
27
74
159
568
593
133
226
404
400
98
464
383
154
188
14
91
141
1
70
9
35
620
79
69
196
72
180
154
9
13
124
3
1
518
61
104
249
194
94
42
138
30
299
102
15
91
296
43
28
595
14
401
211
652
388
107
503
636
176
267
83
15
4
32
421
173
114
39
32
177
121
450
235
483
256
109
421
558
163
371
228
47
577
82
434
451
155
365
145
17
14
201
442
645
455
232
301
461
26
51
8
593
197
158
0
2
385
75
62
19
249
214
358
224
377
18
183
103
519
19
12
169
204
15
102
48
65
97
25
0
293
436
91
387
190
425
369
680
103
18
178
80
197
94
22
524
2
69
178
316
13
637
48
230
289
21
81
202
130
293
4
556
254
225
82
69
92
6
24
246
42
412
357
44
53
398
49
81
242
485
374
80
135
157
370
155
373
37
409
54
295
368
169
420
273
337
404
15
430
126
17
302
109
428
318
230
194
92
8
291
237
119
503
155
301
18
402
159
80
425
381
260
593
385
400
106
327
2
161
34
279
63
304
10
36
167
524
338
342
30
297
70
0
272
65
356
286
176
178
98
3
180
235
144
402
74
257
245
44
198
11
42
600
252
30
145
52
42
402
357
188
45
464
394
382
221
637
197
81
257
55
12
240
383
13
43
466
103
42
66
373
641
308
490
89
304
254
240
114
445
47
231
13
178
8
155
370
184
339
12
302
581
410
532
497
15
63
362
610
326
252
123
4
375
121
17
196
15
89
248
61
178
139
1
215
397
45
189
162
11
15
363
506
101
472
211
89
214
181
16
204
211
156
105
40
112
468
120
315
162
126
121
3
102
242
241
69
385
418
8
144
601
320
70
121
303
69
18
1
63
117
21
27
522
203
647
458
44
131
96
107
169
142
143
153
40
234
233
159
190
20
42
268
152
33
11
72
487
132
105
16
252
371
549
7
40
79
191
91
370
114
33
55
238
306
446
88
215
8
551
456
231
126
283
329
234
152
108
181
226
87
364
348
98
75
408
461
104
54
38
308
101
109
432
37
76
341
18
29
178
348
147
224
238
52
59
50
202
293
81
519
7
147
240
91
158
215
61
136
378
430
605
48
226
243
105
418
22
370
218
8
15
269
237
54
219
435
79
386
153
173
257
199
322
647
25
20
94
552
533
152
310
146
262
357
383
68
286
115
264
82
232
298
430
6
299
151
303
522
180
52
1
182
129
416
16
233
7
274
315
20
19
3
7
271
147
31
40
340
398
508
342
4
457
53
298
67
2
14
55
99
14
469
89
60
241
9
22
295
227
353
72
5
42
158
597
220
331
332
24
255
48
28
182
218
280
101
135
74
199
89
152
294
1
175
31
130
313
357
223
218
186
187
298
506
464
201
49
28
69
173
161
342
73
269
156
169
51
306
44
7
25
84
3
61
654
88
87
105
94
126
21
37
50
10
344
380
360
138
288
255
82
126
459
157
192
75
276
320
56
168
16
56
21
8
481
49
229
204
423
189
322
554
19
25
90
29
151
301
104
123
279
16
132
432
177
174
116
529
35
61
13
11
431
336
52
328
340
2
159
276
115
63
578
191
363
0
93
39
136
135
335
377
471
487
280
105
386
236
108
191
42
140
1
137
10
288
209
94
170
249
306
137
85
55
171
552
238
27
335
282
29
30
84
463
206
166
136
306
147
1
246
46
223
153
66
67
402
366
326
346
0
75
696
147
251
166
203
400
64
157
54
112
121
11
46
Case #6: 
0
0
0
0
0
0
0
0
0
0
0
0
0
0
0
0
0
0
0
0
0
0
0
0
0
0
0
0
0
0
0
0
0
0
0
0
0
0
0
0
0
0
0
0
0
0
0
0
0
0
0
0
0
0
0
0
0
0
0
0
0
0
0
0
0
0
0
0
0
0
0
0
0
0
0
0
0
0
0
0
0
0
0
0
0
0
0
0
0
0
0
0
0
0
0
0
0
0
0
0
0
0
0
0
0
0
0
0
0
0
0
0
0
0
0
0
0
0
0
0
0
0
0
0
0
0
0
0
0
0
0
0
0
0
0
0
0
0
0
0
0
0
0
0
0
0
0
0
0
0
0
0
0
0
0
0
0
0
0
0
0
0
0
0
0
0
0
0
0
0
0
0
0
0
0
0
0
0
0
0
0
0
0
0
0
0
0
0
0
0
0
0
0
0
0
0
0
0
0
0
0
0
0
0
0
0
0
0
0
0
0
0
0
0
0
0
0
0
0
0
0
0
0
0
0
0
0
0
0
0
0
0
0
0
0
0
0
0
0
0
0
0
0
0
0
0
0
0
0
0
0
0
0
0
0
0
0
0
0
0
0
0
0
0
0
0
0
0
0
0
0
0
0
0
0
0
0
0
0
0
0
0
0
0
0
0
0
0
0
0
0
0
0
0
0
0
0
0
0
0
0
0
0
0
0
0
0
0
0
0
0
0
0
0
0
0
0
0
0
0
0
0
0
0
0
0
0
0
0
0
0
0
0
0
0
0
0
0
0
0
0
0
0
0
0
0
0
0
0
0
0
0
0
0
0
0
0
0
0
0
0
0
0
0
0
0
0
0
0
0
0
0
0
0
0
0
0
0
0
0
0
0
0
0
0
0
0
0
0
0
0
0
0
0
0
0
0
0
0
0
0
0
0
0
0
0
0
0
0
0
0
0
0
0
0
0
0
0
0
0
0
0
0
0
0
0
0
0
0
0
0
0
0
0
0
0
0
0
0
0
0
0
0
0
0
0
0
0
0
0
0
0
0
0
0
0
0
0
0
0
0
0
0
0
0
0
0
0
0
0
0
0
0
0
0
0
0
0
0
0
0
0
0
0
0
0
0
0
0
0
0
0
0
0
0
0
0
0
0
0
0
0
0
0
0
0
0
0
0
0
0
0
0
0
0
0
0
0
0
0
0
0
0
0
0
0
0
0
0
0
0
0
0
0
0
0
0
0
0
0
0
0
0
0
0
0
0
0
0
0
0
0
0
0
0
0
0
0
0
0
0
0
0
0
0
0
0
0
0
0
0
0
0
0
0
0
0
0
0
0
0
0
0
0
0
0
0
0
0
0
0
0
0
0
0
0
0
0
0
0
0
0
0
0
0
0
0
0
0
0
0
0
0
0
0
0
0
0
0
0
0
0
0
0
0
0
0
0
0
0
0
0
0
0
0
0
0
0
0
0
0
0
0
0
0
0
0
0
0
0
0
0
0
0
0
0
0
0
0
0
0
0
0
0
0
0
0
0
0
0
0
0
0
0
0
0
0
0
0
0
0
0
0
0
0
0
0
0
0
0
0
0
0
0
0
0
0
0
0
0
0
0
0
0
0
0
0
0
0
0
0
0
0
0
0
0
0
0
0
0
0
0
0
0
0
0
0
0
0
0
0
0
0
0
0
0
0
0
0
0
0
0
0
0
0
0
0
0
0
0
0
0
0
0
0
0
0
0
0
0
0
0
0
0
0
0
0
0
0
0
0
0
0
0
0
0
0
0
0
0
0
0
0
0
0
0
0
0
0
0
0
0
0
0
0
0
0
0
0
0
0
0
0
0
0
0
0
0
0
0
0
0
0
0
0
0
0
0
0
0
0
0
0
0
0
0
0
0
0
0
0
0
0
0
0
0
0
0
0
0
0
0
0
0
0
0
0
0
0
0
0
0
0
0
0
0
0
0
0
0
0
0
0
0
0
0
0
0
0
0
0
0
0
0
0
0
0
0
0
0
0
0
0
0
0
0
0
0
0
0
0
0
0
0
0
0
0
0
0
0
0
0
0
0
0
0
0
0
0
0
0
0
0
0
0
0
0
0
0
0
0
0
0
0
0
0
0
0
0
0
0
0
0
0
0
0
0
0
0
0
0
0
0
0
0
0
0
0
0
0
0
0
0
0
0
0
0
0
0
0
0
0
0
0
0
0
0
0
0
0
0
0
0
0
0
0
0
0
0
0
0
0
0
0
0
0
0
0
0
0
0
0
0
0
0
0
0
0
0
0
0
0
0
0
0
0
0
0
0
0
0
0
0
0
0
0
0
0
0
0
0
0
0
0
0
0
0
0
0
0
0
0
0
0
0
0
0
0
0
0
0
0
0
0
0
0
0
0
0
0
0
0
0
0
0
0
0
0
0
0
0
0
0
0
0
0
0
0
0
0
0
0
0
0
0
0
0
0
0
0
0
0
0
0
0
0
0
0
0
0
0
0
0
0
0
0
0
0
0
0
0
0
0
0
0
0
0
0
0
0
0
0
0
0
0
0
0
0
0
0
0
0
0
0
0
0
0
0
0
0
0
0
0
0
0
0
0
0
0
0
0
0
0
0
0
0
0
0
0
0
0
0
0
0
0
0
0
0
0
0
0
0
0
0
0
0
0
0
0
0
0
0
0
0
0
0
0
0
0
0
0
0
0
0
0
0
0
0
0
0
0
0
0
0
0
0
0
0
0
0
0
0
0
0
0
0
0
0
0
0
0
0
0
0
0
0
0
0
0
0
0
0
0
0
0
0
0
0
0
0
0
0
0
0
0
0
0
0
0
0
0
0
0
0
0
0
0
0
0
0
0
0
0
0
0
0
0
0
0
0
0
0
0
0
0
0
0
0
0
0
0
0
0
0
0
0
0
0
0
0
0
0
0
0
0
0
0
0
0
0
0
0
0
0
0
0
0
0
0
0
0
0
0
0
0
280
101
380
927
244
261
32
592
95
83
588
103
153
1062
282
525
335
856
21
1007
77
597
87
110
156
607
27
102
704
800
471
123
87
1115
875
159
99
867
637
176
182
906
135
331
89
387
180
78
756
809
781
86
400
507
190
6
784
504
316
105
199
404
794
161
153
234
363
978
568
67
922
396
29
389
387
533
780
55
107
125
473
291
73
598
269
328
121
86
414
252
963
220
165
528
8
597
453
865
532
25
202
787
308
116
523
214
988
104
623
379
210
163
423
517
570
132
86
444
234
408
761
1142
424
890
147
74
355
179
167
551
823
54
61
198
71
821
485
479
33
1
46
475
481
871
127
133
155
515
279
925
383
513
374
461
491
629
5
140
55
112
404
386
74
321
271
1076
995
612
3
194
755
6
190
556
0
863
398
817
4
2
835
396
908
108
125
860
114
220
256
321
256
33
326
37
976
80
573
786
17
46
315
341
613
747
261
309
231
176
795
279
6
269
61
382
9
1102
49
921
236
187
958
12
436
497
33
325
199
878
235
179
117
132
638
78
229
385
113
164
401
75
56
106
182
96
608
248
43
284
826
45
33
590
17
402
857
516
332
213
141
470
588
678
441
86
9
109
44
202
26
368
268
897
23
381
934
423
295
176
26
73
981
553
291
296
301
249
654
828
629
438
68
241
54
170
62
326
686
383
387
472
97
217
285
393
900
22
1
388
49
141
439
74
109
343
203
36
28
1149
108
141
182
190
533
158
112
407
637
343
55
963
409
161
225
25
141
235
239
341
375
821
119
978
977
5
150
356
441
3
40
527
59
735
93
416
266
438
251
156
590
422
153
464
124
858
819
2
764
386
784
44
161
110
17
258
677
632
438
30
31
9
324
260
148
267
0
33
114
1072
177
45
738
846
36
133
499
148
214
555
253
971
126
953
63
118
32
451
385
811
71
300
618
121
854
904
53
180
114
3
617
172
221
991
990
203
365
843
2
646
550
20
43
181
338
279
807
915
45
21
148
1001
725
254
42
272
451
313
64
287
231
434
470
15
545
119
349
71
587
378
399
948
26
78
206
251
59
218
16
154
145
297
120
444
314
674
6
790
527
31
327
759
237
755
551
521
66
638
515
40
139
291
399
110
1080
288
0
150
55
592
323
85
48
12
339
52
353
723
267
111
515
0
65
800
152
35
29
280
127
1059
26
362
719
831
95
244
231
543
194
704
37
122
489
688
430
409
6
111
644
143
609
386
116
519
326
589
509
270
98
914
520
797
233
67
31
65
163
7
820
308
170
850
328
314
78
2
308
612
44
488
571
321
49
121
1023
201
483
1113
321
675
185
628
997
229
1
441
106
12
576
119
50
501
1024
614
761
636
1
29
440
157
57
461
170
33
427
402
942
642
342
23
132
950
995
516
83
896
985
2
1002
142
1095
172
946
263
764
207
4
670
3
81
961
449
406
447
245
140
464
32
193
83
260
387
218
151
514
358
455
219
318
59
268
417
6
342
382
260
292
26
132
579
13
126
10
49
924
1094
601
1064
0
562
52
213
38
49
1076
464
226
294
26
17
80
754
75
60
666
844
195
128
75
394
606
319
641
272
8
173
675
486
342
387
120
389
196
278
806
817
189
551
217
163
436
483
63
1114
177
180
112
64
934
170
1024
596
306
406
128
530
398
226
208
273
37
159
667
228
882
140
546
374
699
1014
412
421
24
391
538
111
43
450
448
161
256
266
311
78
299
713
1006
178
266
797
941
825
111
220
465
114
190
268
566
91
29
5
160
394
78
136
15
64
250
54
409
475
5
538
473
112
196
58
151
1181
696
143
78
104
365
554
575
1131
277
916
71
182
44
11
10
962
179
302
104
177
10
278
984
126
1108
61
135
407
701
1022
18
81
354
148
100
58
624
351
785
291
17
45
277
416
23
496
1079
455
108
616
328
219
49
314
280
271
7
572
559
30
135
213
163
39
78
427
311
26
467
854
258
288
2
283
122
605
0
264
528
23
972
38
52
653
263
164
185
173
752
3
259
228
201
451
934
178
461
371
151
520
326
197
431
725
38
193
515
495
271
641
338
145
462
504
628
83
1039
291
75
334
69
255
964
391
36
210
2
10
137
416
158
507
33
12
70
200
120
98
80
373
789
133
67
976
945
328
937
2
900
928
123
1
294
237
3
421
511
285
348
524
160
78
719
56
855
52
74
851
69
20
762
540
302
20
257
78
6
221
6
369
141
652
167
4
122
2
61
40
188
418
246
405
678
928
575
60
262
178
384
171
367
393
243
622
139
95
115
437
311
107
389
260
8
448
515
55
764
76
751
70
4
664
491
138
547
415
430
112
452
243
92
54
176
216
245
84
869
863
23
622
421
116
64
217
124
32
136
0
907
449
145
400
457
272
831
965
812
990
318
57
1151
29
732
239
381
522
516
242
342
252
132
627
479
247
72
539
188
29
3
422
424
391
182
338
811
258
286
645
316
415
673
15
27
416
96
162
66
887
774
306
109
156
487
78
262
603
72
57
159
297
675
377
553
155
234
481
19
352
42
31
250
220
321
409
174
111
35
242
137
226
337
172
316
483
738
584
334
64
227
578
16
85
588
8
5
105
94
41
862
195
519
670
547
967
206
10
531
452
244
364
195
425
113
469
381
20
261
169
130
62
102
2
839
494
31
66
966
20
1054
233
185
466
556
521
194
130
169
143
89
828
207
365
112
69
1134
287
1186
126
200
608
58
218
742
547
3
1
175
6
31
414
853
306
283
749
680
980
297
875
15
184
798
141
739
163
919
427
219
805
631
731
46
13
50
107
35
40
45
1074
158
133
275
812
8
303
1161
157
304
549
1007
599
668
27
90
200
447
209
727
1128
168
294
203
446
524
568
48
564
821
386
211
223
96
237
267
505
964
97
518
148
202
674
328
103
63
71
469
12
400
502
489
722
115
107
910
53
454
1057
92
0
187
831
17
93
417
50
150
771
617
11
408
751
255
1
130
526
473
136
595
858
32
40
335
2
147
878
209
186
172
928
31
434
396
426
353
512
412
64
494
26
12
306
148
526
23
258
194
815
552
521
530
155
567
35
346
961
876
54
185
416
144
653
66
170
18
137
42
186
394
587
64
230
145
30
91
295
732
308
603
666
242
170
1047
620
381
660
365
771
368
37
78
15
876
412
226
1004
230
148
485
375
345
179
3
363
340
206
30
12
84
39
916
591
282
353
466
945
554
409
52
83
231
75
3
195
224
237
611
89
557
572
533
319
215
83
324
431
73
859
35
206
223
889
99
178
911
729
301
754
76
124
0
466
489
205
119
34
66
581
62
910
152
742
315
560
10
145
435
259
369
70
137
21
6
93
78
144
110
213
14
27
19
167
64
16
455
878
90
84
163
99
218
85
61
67
Case #7: 
0
0
0
3
2
0
0
1
1
0
1
0
Case #8: 
0
0
0
0
0
0
0
0
0
0
0
0
0
0
0
0
0
0
0
0
0
0
0
0
0
0
0
0
0
0
0
0
0
0
0
0
0
0
0
0
0
0
0
0
0
0
0
0
0
0
0
0
0
0
0
0
0
0
0
0
0
0
0
0
0
0
0
0
0
0
0
0
0
0
0
0
0
0
0
0
0
0
0
0
0
0
0
0
0
0
0
0
0
0
0
0
0
0
0
0
0
0
0
0
0
0
0
0
0
0
0
0
0
0
0
0
0
0
0
0
0
0
0
0
0
0
0
0
0
0
0
0
0
0
0
0
0
0
0
0
0
0
0
0
0
0
0
0
0
0
0
0
0
0
0
0
0
0
0
0
0
0
0
0
0
0
0
0
0
0
0
0
0
0
0
0
0
0
0
0
0
0
0
0
0
0
0
0
0
0
0
0
0
0
0
0
0
0
0
0
0
0
0
0
0
0
0
0
0
0
0
0
0
0
0
0
0
0
0
0
0
0
0
0
0
0
0
0
0
0
0
0
0
0
0
0
0
0
0
0
0
0
0
0
0
0
0
0
0
0
0
0
0
0
0
0
0
0
0
0
0
0
0
0
0
0
0
0
0
0
0
0
0
0
0
0
0
0
0
0
0
0
0
0
0
0
0
0
0
0
0
0
0
0
0
0
0
0
0
0
0
0
0
0
0
0
0
0
0
0
0
0
0
0
0
0
0
0
0
0
0
0
0
0
0
0
0
0
0
0
0
0
0
0
0
0
0
0
0
0
0
0
0
0
0
0
0
0
0
0
0
0
0
0
0
0
0
0
0
0
0
0
0
0
0
0
0
0
0
0
0
0
0
0
0
0
0
0
0
0
0
0
0
0
0
0
0
0
0
0
0
0
0
0
0
0
0
0
0
0
0
0
0
0
0
0
0
0
0
0
0
0
0
0
0
0
0
0
0
0
0
0
0
0
0
0
0
0
0
0
0
0
0
0
0
0
0
0
0
0
0
0
0
0
0
0
0
0
0
0
0
0
0
0
0
0
0
0
0
0
0
0
0
0
0
0
0
0
0
0
0
0
0
0
0
0
0
0
0
0
0
0
0
0
0
0
0
0
0
0
0
0
0
0
0
0
0
0
0
0
0
0
0
0
0
0
0
0
0
0
0
0
0
0
0
0
0
0
0
0
0
0
0
0
0
0
0
0
0
0
0
0
0
0
0
0
0
0
0
0
0
0
0
0
0
0
0
0
0
0
0
0
0
0
0
0
0
0
0
0
0
0
0
0
0
0
0
0
0
0
0
0
0
0
0
0
0
0
0
0
0
0
0
0
0
0
0
0
0
0
0
0
0
0
0
0
0
0
0
0
0
0
0
0
0
0
0
0
0
0
0
0
0
0
0
0
0
0
0
0
0
0
0
0
0
0
0
0
0
0
0
0
0
0
0
0
0
0
0
0
0
0
0
0
0
0
0
0
0
0
0
0
0
0
0
0
0
0
0
0
0
0
0
0
0
0
0
0
0
0
0
0
0
0
0
0
0
0
0
0
0
0
0
0
0
0
0
0
0
0
0
0
0
0
0
0
0
0
0
0
0
0
0
0
0
0
0
0
0
0
0
0
0
0
0
0
0
0
0
0
0
0
0
0
0
0
0
0
0
0
0
0
0
0
0
0
0
0
0
0
0
0
0
0
0
0
0
0
0
0
0
0
0
0
0
0
0
0
0
0
0
0
0
0
0
0
0
0
0
0
0
0
0
0
0
0
0
0
0
0
0
0
0
0
0
0
0
0
0
0
0
0
0
0
0
0
0
0
0
0
0
0
0
0
0
0
0
0
0
0
0
0
0
0
0
0
0
0
0
0
0
0
0
0
0
0
0
0
0
0
0
0
0
0
0
0
0
0
0
0
0
0
0
0
0
0
0
0
0
0
0
0
0
0
0
0
0
0
0
0
0
0
0
0
0
0
0
0
0
0
0
0
0
0
0
0
0
0
0
0
0
0
0
0
0
0
0
0
0
0
0
0
0
0
0
0
0
0
0
0
0
0
0
0
0
0
0
0
0
0
0
0
0
0
0
0
0
0
0
0
0
0
0
0
0
0
0
0
0
0
0
0
0
0
0
0
0
0
0
0
0
0
0
0
0
0
0
0
0
0
0
0
0
0
0
0
0
0
0
0
0
0
0
0
0
0
0
0
0
0
0
0
0
0
0
0
0
0
0
0
0
0
0
0
0
0
0
0
0
0
0
0
0
0
0
0
0
0
0
0
0
0
0
0
0
0
0
0
0
0
0
0
0
0
0
0
0
0
0
0
0
0
0
0
0
0
0
0
0
0
0
0
0
0
0
0
0
0
0
0
0
0
0
0
0
0
0
0
0
0
0
0
0
0
0
0
0
0
0
0
0
0
0
0
0
0
0
0
0
0
0
0
0
0
0
0
0
0
0
0
0
0
0
0
0
0
0
0
0
0
0
0
0
0
0
0
0
0
0
0
0
0
0
0
0
0
0
0
0
0
0
0
0
0
0
0
0
0
0
0
0
0
0
0
0
0
0
0
0
0
0
0
0
0
0
0
0
0
0
0
0
0
0
0
0
0
0
0
0
0
0
0
0
0
0
0
0
0
0
0
0
0
0
0
0
0
0
0
0
0
0
0
0
0
0
0
0
0
0
0
0
0
0
0
0
0
0
0
0
0
0
0
0
0
0
0
0
0
0
0
0
0
0
0
0
0
0
0
0
0
0
0
0
0
0
0
0
0
0
0
0
0
0
0
0
0
0
0
0
0
0
0
0
0
0
0
0
0
0
0
0
0
0
0
0
0
0
0
0
0
0
0
0
0
0
0
0
0
0
0
0
0
0
0
0
0
0
0
0
0
0
0
0
0
0
0
0
0
0
0
0
0
0
0
0
0
0
0
0
0
0
0
0
0
0
0
0
0
0
0
0
0
0
0
0
0
0
0
0
0
0
0
0
0
0
0
0
0
0
0
0
0
0
0
0
0
0
0
0
0
0
0
0
0
0
0
0
0
0
0
0
241
45
83
88
55
116
18
20
2
48
127
162
101
50
19
211
73
57
49
2
46
1
12
0
12
101
4
136
0
190
90
13
21
0
16
60
33
8
119
161
121
66
229
151
4
223
76
150
174
83
65
18
158
27
177
82
5
80
173
32
53
39
21
58
32
156
2
11
97
112
263
176
67
4
223
46
8
41
4
217
12
270
213
16
211
142
58
77
25
4
134
31
229
204
132
226
10
13
187
121
29
28
92
206
100
171
113
166
1
39
13
207
254
72
62
8
11
122
6
0
104
80
7
143
13
118
29
99
185
173
6
22
25
22
40
224
62
237
1
16
264
83
133
0
115
92
0
66
5
218
115
43
9
3
25
97
6
44
79
72
171
185
189
5
177
87
204
82
1
84
112
249
128
214
146
117
122
97
241
106
2
53
239
101
133
66
81
14
130
9
19
172
56
118
19
187
102
109
135
105
114
34
113
11
55
1
32
3
128
57
259
124
90
67
2
130
22
2
45
27
35
41
6
22
260
19
197
14
144
16
81
106
0
258
49
116
3
1
59
49
54
37
243
172
0
5
85
5
173
59
18
212
261
54
66
99
208
34
21
212
3
189
237
147
70
4
7
182
92
193
84
Case #9: 
230
66
8
117
109
152
74
14
1
2
70
234
28
136
7
151
72
17
110
215
19
45
172
21
224
0
142
84
129
58
124
246
225
178
42
56
85
235
239
153
9
102
84
63
86
192
198
123
56
135
46
310
54
103
246
16
210
69
11
116
266
230
118
240
4
202
308
180
4
12
320
16
257
105
85
57
36
111
137
130
179
121
101
200
224
230
193
0
118
291
0
80
211
46
6
73
221
131
35
48
295
43
47
283
115
237
66
56
121
0
209
79
84
8
58
24
12
75
34
45
58
34
63
189
51
25
130
46
12
24
6
72
3
18
58
71
0
15
22
217
11
234
15
95
14
63
1
189
57
160
200
82
141
50
286
215
31
11
128
23
121
288
107
62
234
212
69
29
27
350
211
87
43
220
49
123
27
29
96
36
236
36
189
1
1
64
227
247
2
1
137
7
8
313
5
133
20
15
391
13
159
282
2
50
16
136
109
47
3
70
181
29
138
145
132
44
245
27
44
15
80
32
17
60
78
296
33
70
28
2
20
3
99
5
11
77
59
150
155
44
45
23
57
1
51
79
57
147
47
173
91
218
36
33
61
4
18
19
126
18
147
38
4
2
35
22
17
60
236
4
6
173
143
70
124
69
213
66
13
187
30
181
0
233
51
3
211
223
259
31
5
247
0
26
78
26
399
34
160
6
94
140
30
3
71
83
101
46
113
31
189
2
184
152
139
37
36
87
99
2
138
34
65
13
3
100
77
125
51
174
64
35
342
342
95
103
27
318
219
259
19
180
265
41
15
33
115
59
121
83
24
9
195
6
193
42
82
238
202
19
38
104
60
13
80
122
58
143
166
41
22
264
8
305
68
31
53
13
53
55
280
1
281
164
10
158
11
74
183
38
25
2
109
26
59
80
54
27
115
91
200
322
32
278
111
30
33
207
16
62
26
116
40
179
4
3
53
181
250
6
15
274
43
33
38
5
192
10
110
201
28
73
9
34
79
211
85
5
106
30
2
198
43
116
225
99
304
20
40
0
1
40
64
229
191
216
81
62
4
17
8
46
162
1
49
103
110
60
12
70
77
71
9
104
278
82
26
123
333
7
148
56
293
44
270
80
9
338
148
1
49
20
142
307
24
43
49
78
211
116
30
45
5
351
126
69
48
39
198
41
252
42
184
120
100
56
14
120
11
216
21
177
58
25
143
172
119
142
67
12
271
58
8
216
21
5
34
215
9
166
111
309
380
94
107
118
268
10
40
15
198
57
128
108
307
155
2
34
169
94
69
11
67
61
189
24
74
326
39
168
40
233
79
46
34
22
1
119
6
24
235
211
10
133
96
98
102
82
107
85
4
89
100
86
106
232
79
144
35
268
44
20
135
4
51
7
52
0
15
7
36
52
122
112
7
92
345
21
197
134
12
75
196
101
94
280
13
58
26
24
140
12
272
208
8
86
274
28
67
155
42
139
383
21
90
169
115
126
22
1
204
23
30
4
29
99
125
5
78
107
62
1
66
284
28
5
122
249
77
5
8
12
52
33
2
206
66
53
98
103
214
117
204
20
110
49
67
56
164
4
340
129
46
131
26
44
73
76
182
101
173
141
39
128
158
10
5
270
178
301
1
125
14
10
283
101
158
176
39
63
137
143
172
49
132
280
115
80
173
51
84
14
27
172
192
15
114
27
73
3
131
13
33
11
0
180
59
9
54
46
120
55
235
211
226
226
104
245
15
168
0
7
29
37
147
75
39
188
124
3
12
0
124
17
182
8
17
85
177
209
231
122
13
6
28
68
192
143
33
5
103
236
67
264
136
135
88
17
290
25
17
186
12
167
25
93
25
64
86
177
182
0
90
215
82
108
148
199
259
52
8
33
0
78
122
134
195
304
31
0
51
5
16
128
160
60
20
Case #10: 
270
451
1072
595
364
98
240
62
39
1103
405
591
883
32
596
212
205
218
131
274
45
862
0
519
152
739
394
559
450
35
1356
80
149
512
994
89
3
184
405
297
148
63
0
4
76
54
7
17
303
383
258
407
107
1010
35
338
286
138
22
455
132
341
0
46
472
250
339
812
622
163
291
14
901
877
475
301
766
51
1
353
418
409
26
1360
261
227
54
344
784
2
440
830
424
136
30
85
185
476
498
769
1011
401
307
591
98
538
77
66
152
407
162
14
20
605
36
480
19
351
342
229
1263
464
177
131
591
223
218
146
606
495
755
925
1107
1255
1081
41
768
210
29
288
69
161
175
759
983
814
693
307
736
221
374
172
784
431
233
158
283
1136
179
473
364
69
133
499
287
724
114
627
105
494
178
333
386
416
607
483
1110
590
269
1078
509
554
229
83
9
236
1226
364
5
435
722
604
511
116
989
492
185
58
260
411
982
526
725
45
14
85
156
622
130
1294
20
371
221
109
22
36
433
595
309
1210
178
399
412
193
1101
1311
888
1179
185
1403
1035
341
279
586
93
162
154
0
534
446
968
395
19
744
59
187
1206
171
4
146
154
305
22
178
161
34
191
453
1
1268
71
48
336
403
631
843
771
10
452
94
450
230
580
66
320
1187
133
12
202
335
957
202
40
411
373
15
196
549
681
1461
34
442
954
129
100
192
211
265
14
697
346
507
172
75
92
830
345
104
233
189
688
453
16
946
547
499
459
393
173
150
637
80
223
961
20
48
740
42
455
380
364
135
678
609
358
35
1181
79
361
1100
162
91
481
582
503
951
206
8
39
381
71
37
232
49
70
64
81
227
799
792
119
59
147
1001
46
128
481
277
33
709
77
9
826
3
720
31
635
821
308
110
238
322
54
96
1165
490
364
867
1039
199
875
515
207
531
153
19
331
605
698
110
80
454
47
119
480
930
20
133
74
455
41
309
218
864
27
634
738
8
414
15
203
652
166
3
552
456
155
19
276
197
116
154
399
925
87
722
473
57
190
527
1255
48
381
948
41
255
154
398
5
1035
314
11
31
595
258
480
1059
359
422
636
181
590
181
383
526
383
184
1003
444
784
101
931
1047
201
873
21
1308
766
48
80
223
221
0
113
596
11
375
206
905
412
261
27
12
41
654
138
365
1054
312
35
2
1295
161
175
854
410
421
1065
490
246
109
310
13
46
90
25
312
21
382
817
112
179
26
290
442
11
773
22
55
224
0
953
971
48
992
345
195
46
44
33
436
650
421
455
95
47
88
202
100
1
72
13
489
774
611
159
398
489
461
815
191
267
80
277
24
1277
270
104
398
288
94
158
241
53
615
287
471
3
588
478
1049
207
557
2
484
93
405
913
649
49
336
62
61
19
221
171
121
64
188
718
713
419
104
314
220
452
23
1044
166
1237
591
377
116
123
168
199
55
1019
25
899
418
575
17
209
70
32
243
397
367
127
162
1064
728
822
378
39
906
252
487
394
40
111
766
1202
421
148
105
31
911
376
333
209
400
879
1073
61
97
285
102
47
1109
223
561
485
732
429
53
1352
289
158
407
971
418
174
79
207
43
633
24
145
101
32
949
170
482
884
149
219
67
599
33
1101
111
112
207
96
209
119
336
90
486
162
539
434
98
60
137
102
289
79
82
586
29
858
600
99
233
1153
648
781
788
249
837
183
209
450
17
84
781
578
70
52
74
187
120
958
234
57
724
532
397
1235
816
513
536
788
686
621
177
39
828
45
132
67
241
732
866
110
690
575
518
634
521
77
488
290
54
35
811
49
937
314
411
1
513
353
75
942
956
108
543
2
152
79
715
680
290
778
1222
460
403
21
806
1340
462
412
68
94
669
239
78
473
505
98
632
191
536
125
34
656
944
87
41
181
8
523
301
22
71
133
71
1193
1051
2
416
553
909
350
600
522
1433
589
208
51
214
987
2
178
251
1210
262
306
86
120
489
597
265
234
37
455
448
647
41
3
47
123
47
483
509
120
319
417
64
704
316
185
13
718
1040
21
921
123
180
426
50
24
88
10
415
8
1123
371
46
700
289
915
117
918
647
31
603
18
260
358
199
91
152
862
450
183
466
627
107
238
120
95
449
1399
191
900
141
18
989
24
24
493
69
205
335
10
36
662
143
59
301
84
710
368
259
278
143
268
131
88
119
200
197
154
244
417
629
338
107
98
138
278
130
132
766
561
17
28
262
649
344
558
306
447
552
383
236
607
1331
402
607
1309
648
149
30
354
861
36
496
123
216
588
58
518
117
546
440
222
1219
141
849
529
753
314
24
108
624
172
196
144
816
1244
267
986
53
339
817
147
156
1
33
1073
264
332
268
205
112
289
507
189
385
170
219
536
252
224
137
5
1188
94
1042
205
109
195
292
364
80
286
23
325
976
44
542
251
512
784
808
41
623
36
91
565
24
953
364
597
951
1074
0
461
198
701
25
7
22
36
53
232
1007
77
480
11
65
671
283
828
30
336
673
3
526
144
13
552
367
479
66
101
588
166
779
189
66
810
614
75
1168
570
221
316
244
590
152
709
615
149
341
1209
1030
568
259
435
804
275
1087
901
8
96
1294
823
512
237
1
131
1073
94
717
113
241
692
73
284
268
452
311
428
72
257
544
497
731
47
764
817
1023
207
475
513
503
1233
313
164
11
73
352
310
805
286
288
1347
339
212
253
45
1057
508
5
789
85
659
45
182
130
144
87
55
1070
275
165
298
169
439
598
694
437
656
58
6
251
254
87
701
76
400
19
51
136
930
16
12
446
637
52
362
16
470
48
372
94
721
15
76
767
139
670
224
397
6
143
559
631
445
199
336
807
237
911
228
193
58
348
115
198
720
77
44
856
361
45
128
150
961
1080
605
301
119
412
292
49
726
523
290
79
125
1004
585
488
1190
601
34
2
101
274
317
758
919
126
21
91
534
189
84
242
513
265
291
278
352
386
1
39
600
621
165
171
656
579
59
372
450
362
127
1309
67
75
383
455
78
107
72
871
87
7
501
1429
711
818
8
10
106
687
92
1037
1
239
138
240
358
806
86
174
71
431
352
445
293
66
69
414
223
8
210
375
37
200
300
193
778
459
140
53
13
175
360
536
95
1014
552
719
86
1082
108
252
274
319
23
166
1324
344
37
187
348
23
100
198
359
80
232
336
315
839
715
247
174
6
35
27
160
210
568
1072
346
773
6
301
63
874
299
188
0
144
346
84
1275
193
329
547
108
48
4
413
202
595
18
0
465
1318
380
10
136
527
712
444
344
111
1
692
519
49
245
258
113
428
7
51
400
419
472
134
911
2
1009
1064
30
1292
152
66
124
472
29
30
316
172
560
264
615
1155
982
116
533
228
20
29
301
9
526
10
130
239
94
248
0
87
48
697
311
14
61
669
177
281
26
11
1379
110
386
2
917
458
557
324
920
336
236
906
29
624
804
10
141
196
42
477
154
182
225
38
22
506
283
251
366
37
93
130
65
1058
412
185
52
306
551
1118
483
45
808
759
240
681
154
518
129
368
200
41
381
224
84
15
796
6
131
125
248
64
641
825
151
497
294
963
147
275
42
403
715
310
274
61
286
111
140
280
89
63
733
506
2
379
98
823
176
788
818
272
186
156
347
1219
259
664
72
69
748
340
244
6
2
143
63
63
66
56
60
779
19
764
177
48
33
155
443
625
52
384
95
1021
147
39
358
306
28
267
723
152
358
423
636
274
383
471
493
943
44
193
2
1035
357
294
18
921
7
139
293
1251
162
1136
131
1136
201
951
577
363
739
230
643
77
1001
300
719
479
408
74
158
20
339
281
40
393
167
22
146
289
152
269
990
691
36
574
699
1173
565
993
138
17
572
649
504
610
334
867
4
592
743
210
49
154
977
79
835
310
263
151
521
75
466
641
304
628
271
397
126
701
1172
669
1348
649
807
27
271
468
205
466
913
450
172
1115
570
563
257
927
168
2
238
21
49
375
190
603
531
243
535
45
12
621
809
946
19
577
227
156
574
990
162
105
654
612
836
359
1414
644
451
37
329
98
183
50
624
790
128
191
396
210
769
272
99
386
660
78
24
206
224
65
35
617
11
582
134
649
173
67
57
275
332
509
223
120
185
677
21
235
894
601
137
1007
392
343
277
242
78
55
755
159
170
791
402
504
31
1303
73
799
922
498
5
145
184
189
213
285
86
755
125
121
19
55
24
5
493
127
350
42
8
419
528
771
339
531
603
888
1035
679
943
1016
18
7
212
304
538
1339
877
487
579
21
705
356
182
128
59
339
56
739
140
22
514
961
727
89
554
12
163
80
1042
685
1225
511
44
364
132
818
354
396
339
642
279
1148
187
31
626
789
132
41
860
1152
574
77
6
12
112
213
837
9
869
332
52
816
122
116
249
1
409
352
860
53
44
375
227
10
160
9
616
64
374
178
321
442
160
1212
978
526
45
170
238
179
647
423
703
645
11
436
311
113
523
227
503
493
439
743
267
9
599
328
151
349
140
970
6
63
719
403
84
4
588
139
16
577
46
536
8
83
141
2
978
12
396
266
53
1015
154
473
28
598
714
246
460
391
146
85
71
1173
35
557
713
204
881
131
127
940
111
782
76
2
355
568
83
309
1208
4
956
707
103
86
319
383
756
258
765
106
474
211
588
769
767
71
2
381
116
362
313
542
204
455
1265
214
28
59
573
349
64
113
125
20
33
745
417
204
202
507
591
478
228
105
40
79
21
498
792
124
86
261
46
390
150
90
48
96
209
1242
793
5
117
240
643
285
786
437
7
67
178
821
84
1053
498
799
229
197
125
481
689
286
15
284
101
7
560
553
7
689
24
198
62
749
794
205
135
268
672
6
215
571
353
478
353
89
287
425
146
477
106
380
290
111
465
262
19
654
1097
458
425
1063
567
145
93
496
43
907
107
537
195
372
134
478
12
835
293
58
158
546
396
1058
52
420
670
26
153
769
514
630
720
479
306
41
1135
940
968
118
443
429
273
63
470
98
168
266
5
1290
291
317
10
181
430
414
373
13
1155
338
220
141
328
114
174
222
427
228
0
504
752
81
78
605
786
290
286
224
44
16
493
35
1016
111
370
148
7
493
335
344
552
45
72
67
257
38
8
10
271
568
442
717
669
599
715
30
247
659
175
30
894
1003
568
557
33
191
133
466
330
3
5
96
339
49
281
110
783
378
8
854
276
723
199
17
363
296
25
386
170
601
244
300
1071
273
202
385
122
195
1404
101
168
181
696
112
130
271
702
246
29
284
815
651
796
69
331
235
54
216
21
121
407
190
179
906
32
1148
228
186
548
47
188
883
53
76
544
29
226
254
65
160
107
160
191
330
205
66
242
557
944
186
621
21
732
137
1031
1191
629
442
355
266
19
2
143
857
397
226
470
245
25
122
437
22
962
21
75
659
769
546
81
45
444
330
156
55
1152
364
113
185
433
659
931
474
353
676
15
944
12
109
64
219
159
195
123
529
84
1165
551
174
121
85
324
191
174
425
1
11
410
409
219
242
130
1249
805
7
180
825
304
665
8
201
126
327
456
47
839
753
104
353
463
374
72
217
399
17
145
593
459
4
299
543
394
672
3
370
773
767
1066
15
151
6
14
350
1161
233
901
272
266
174
82
561
224
42
215
513
800
315
19
647
18
90
174
141
348
331
877
396
12
1
849
983
140
317
1012
237
39
341
198
12
735
441
612
1153
218
929
15
114
714
483
225
64
268
20
819
56
244
303
224
242
327
96
10
130
157
469
664
631
838
25
92
795
251
172
112
757
343
601
88
58
267
284
363
151
408
0
629
13
64
60
314
380
428
291
2
30
38
460
112
202
16
454
307
477
918
320
167
1016
347
522
356
8
243
154
0
60
213
6
404
919
228
195
1025
694
431
30
74
12
370
1257
19
0
654
268
495
491
161
181
171
38
752
49
577
109
733
128
190
380
722
21
65
112
325
10
211
571
71
485
6
85
169
90
116
894
16
22
253
354
468
643
1064
70
90
1264
394
316
19
184
169
222
1097
687
223
102
567
188
431
378
0
137
366
81
412
98
296
21
4
705
133
761
59
1055
917
335
790
371
623
2
305
333
885
251
71
77
171
466
194
323
712
475
720
31
37
1058
194
668
1258
465
154
164
470
309
283
116
336
753
606
224
217
766
33
377
3
21
51
37
118
195
532
1290
85
575
336
961
85
856
26
825
128
27
333
503
83
738
758
1244
87
144
388
973
145
54
313
29
514
806
334
228
42
170
41
34
265
315
260
667
99
118
48
124
609
616
395
249
51
112
230
10
91
181
7
646
51
674
73
875
462
40
280
92
808
118
148
739
27
581
111
455
16
21
217
456
13
551
433
108
907
1412
72
446
52
470
485
104
834
197
178
1126
44
166
111
266
100
5
154
2
1126
1221
1211
458
710
318
427
1
0
521
11
796
1327
285
204
11
62
731
733
137
3
600
241
215
111
29
838
15
776
196
30
313
649
291
70
888
1
357
736
410
84
31
980
26
875
296
1
836
126
1163
331
291
75
412
844
1095
291
104
39
283
325
129
721
816
356
361
233
993
30
219
215
489
38
622
175
303
123
616
302
326
563
12
210
80
176
223
271
873
28
712
964
10
183
115
278
134
187
279
13
204
77
935
62
116
385
55
299
680
427
447
519
55
536
308
821
62
359
53
331
913
431
172
104
95
35
631
483
24
713
856
174
182
591
382
89
148
239
611
370
388
520
118
672
228
11
148
33
1
242
171
991
684
903
130
742
164
26
160
407
52
625
449
174
36
1122
388
498
809
556
1147
487
330
25
302
77
28
878
567
1
319
30
458
689
85
1108
609
1318
61
128
52
459
614
306
419
107
183
749
834
245
712
1194
14
350
53
769
251
139
794
690
462
478
44
729
53
741
166
374
5
1003
952
563
563
18
431
1449
668
83
76
293
257
173
11
679
30
122
596
272
Case #11: 
0
Case #12: 
906
614
217
246
145
938
137
197
234
242
417
443
197
237
136
117
12
143
385
371
35
128
361
3
394
184
78
490
138
21
47
0
69
693
314
815
25
15
591
94
430
682
242
69
161
319
465
293
337
6
118
138
381
145
206
141
779
495
220
271
1339
13
5
197
635
535
0
255
460
405
613
20
432
405
411
7
219
278
155
960
65
141
215
299
62
870
7
235
110
4
220
81
41
551
361
105
799
101
252
41
615
241
552
422
166
19
1206
56
220
341
0
43
206
67
732
948
22
144
752
90
1015
258
46
39
153
217
328
159
355
211
153
940
278
16
44
558
116
357
724
275
96
1112
17
408
308
422
558
580
157
19
325
765
491
325
84
0
396
34
134
6
110
74
773
182
404
870
815
115
406
127
155
2
71
505
219
27
77
116
111
686
34
651
182
287
21
663
187
508
65
183
12
467
724
531
346
25
110
57
133
190
1271
852
396
144
1176
156
11
82
801
385
969
214
76
51
101
76
127
517
238
67
91
388
517
84
709
36
160
794
117
58
537
724
343
632
56
89
151
1403
403
640
367
348
59
49
1047
125
182
134
394
680
3
681
4
74
273
114
72
635
139
480
78
20
633
1191
106
1302
477
95
1018
380
247
9
336
444
410
844
61
67
702
252
174
1198
242
501
260
208
758
231
282
1162
241
1251
501
490
456
28
589
801
187
252
467
82
624
117
10
34
80
571
444
339
623
280
675
376
407
20
47
129
239
307
54
677
734
42
1113
397
492
740
591
556
1223
963
581
683
619
560
27
3
690
1288
0
161
844
115
402
571
178
122
350
241
23
895
66
720
164
137
485
31
35
535
797
150
216
192
666
22
0
89
60
230
729
705
192
358
140
511
49
39
337
1402
782
8
911
160
767
166
551
1420
99
729
189
66
973
20
333
239
282
632
620
198
665
83
245
169
203
25
978
570
312
796
96
23
593
69
791
1422
567
1177
21
1238
442
749
47
98
590
516
509
182
0
1
792
16
952
37
120
0
3
337
430
298
1107
485
810
478
704
112
585
134
171
363
224
153
103
248
140
493
343
24
678
323
13
47
207
510
61
517
77
786
8
634
287
631
236
358
259
262
737
393
799
154
1157
64
599
217
45
418
19
294
121
335
150
229
178
190
100
250
260
198
351
528
303
943
61
95
534
866
107
288
161
786
716
15
575
142
143
126
1159
412
149
125
830
12
538
734
41
235
277
200
437
236
215
563
1114
327
144
73
570
424
898
1469
742
26
37
690
13
16
1150
150
381
291
33
145
367
578
362
3
946
344
648
14
66
173
149
95
132
158
246
1143
382
528
974
216
35
0
118
854
568
44
1177
179
25
623
1359
336
79
389
237
90
4
237
181
97
288
86
1120
58
150
575
516
45
712
502
142
322
181
722
16
467
686
7
4
107
116
12
136
37
375
150
892
719
662
266
97
764
211
12
142
453
173
22
1259
148
14
997
394
50
494
38
1385
38
181
489
107
52
972
6
933
545
171
96
431
268
444
421
71
50
599
863
551
659
104
641
277
79
622
60
635
588
155
662
519
142
104
1009
1101
689
1314
86
302
360
347
843
214
566
193
29
239
813
121
586
63
39
83
318
517
138
693
101
192
154
364
356
672
424
463
88
405
870
300
116
461
17
123
224
259
314
162
209
34
119
402
571
224
54
60
341
514
92
36
1387
19
18
110
1
142
131
76
299
497
2
224
668
1
1182
1250
561
33
546
667
28
176
1037
41
311
443
310
388
58
43
740
236
574
5
13
73
756
92
133
1081
239
709
482
301
316
89
1041
137
491
73
475
6
274
573
281
167
426
630
1048
530
699
782
82
715
59
73
11
3
197
733
785
178
59
860
135
428
54
35
0
356
494
160
215
62
9
218
1362
771
728
422
584
817
471
626
429
156
631
779
0
784
963
785
48
125
416
56
110
331
28
123
52
626
399
86
292
229
620
394
39
35
31
341
84
767
316
892
97
63
985
427
936
90
740
1013
373
1255
10
383
226
233
24
161
1052
747
654
807
58
476
2
247
39
237
412
106
570
182
126
566
1053
2
449
15
984
272
107
766
174
816
716
286
201
578
532
148
839
500
884
14
235
289
231
54
655
452
6
44
838
514
118
592
18
310
485
457
81
338
58
43
291
115
500
298
1
531
60
276
7
676
796
220
13
52
878
94
1227
61
943
704
204
150
420
74
103
105
342
1399
276
1227
221
679
78
536
620
1081
650
135
796
186
756
320
106
259
191
160
1101
706
90
1330
756
588
243
849
326
149
302
404
374
1003
611
264
293
18
662
217
296
43
342
133
77
279
22
87
21
465
719
2
11
96
69
146
1071
865
473
5
736
111
155
210
328
85
217
65
625
133
1
129
132
304
221
1006
168
717
1226
212
15
177
874
989
204
277
914
386
122
422
996
823
681
107
1033
203
449
1112
576
365
528
81
490
574
402
415
350
654
373
557
655
11
442
459
80
74
199
269
99
709
99
201
393
470
319
456
495
98
282
811
560
368
13
995
695
174
106
85
165
485
5
1055
7
178
249
904
414
1
526
160
429
8
46
43
663
70
268
214
91
483
25
16
975
54
511
638
200
195
141
413
727
10
64
304
86
292
618
239
373
364
138
366
339
587
570
981
911
989
110
95
250
997
172
562
513
198
5
482
61
419
533
1022
817
543
439
1245
242
1087
597
452
654
762
936
64
758
903
241
840
1140
258
316
165
301
65
24
94
116
167
51
517
629
125
230
345
221
121
945
724
123
156
165
378
28
377
109
673
403
87
67
77
70
510
672
788
370
7
77
108
85
31
31
702
533
522
280
402
394
717
6
844
423
14
916
1438
127
1
22
514
215
9
139
566
607
187
967
441
627
9
1117
36
606
266
840
1089
1151
847
831
566
688
52
722
441
278
194
19
106
9
503
302
1119
732
897
199
115
110
846
389
235
282
351
329
373
860
374
274
101
10
602
472
630
1022
704
123
927
1322
401
1189
229
88
43
810
529
279
195
713
435
41
31
100
689
770
511
452
460
2
1071
122
54
649
104
656
503
247
777
189
307
663
80
100
455
70
331
0
3
679
158
92
404
120
158
316
717
1035
672
193
1012
3
133
20
411
87
312
186
907
338
415
688
110
1420
657
406
180
381
182
554
1055
433
636
568
453
89
22
34
221
1
148
551
499
125
5
219
105
239
118
1059
448
950
361
831
112
434
496
441
0
1303
562
288
27
42
607
497
109
6
283
646
304
91
32
279
99
90
263
1150
600
157
825
107
515
70
102
385
786
62
37
374
245
156
400
51
134
913
756
290
293
279
716
561
65
344
242
475
331
344
569
31
124
404
1148
859
554
501
76
9
91
54
1225
40
250
1184
209
647
17
899
684
539
37
286
270
57
9
10
962
708
189
210
927
192
54
1210
564
3
832
846
319
383
20
14
271
714
38
392
494
254
87
685
86
265
75
188
389
451
939
927
105
88
465
806
256
1328
602
547
175
226
467
442
578
448
404
532
197
320
340
31
342
216
29
193
507
782
879
83
1172
327
377
59
854
800
684
26
39
8
552
34
837
16
653
221
516
17
192
140
487
1449
822
207
70
294
121
1123
5
347
312
211
169
244
99
125
395
557
956
316
46
953
680
186
1086
1150
92
268
294
241
295
455
196
399
51
108
262
267
999
253
91
624
497
61
318
329
17
185
287
707
1038
335
286
36
124
545
1036
27
609
69
145
187
954
664
85
1008
471
157
853
53
777
216
72
330
411
661
147
273
306
229
645
103
651
282
919
6
565
459
429
770
103
3
293
8
60
126
109
243
322
347
549
54
684
77
134
668
88
417
85
658
213
151
93
151
164
499
126
161
183
994
1046
25
5
142
683
503
29
91
99
762
162
26
62
632
371
526
704
109
341
235
2
159
667
47
28
100
9
135
535
239
1309
487
129
1451
2
65
49
604
211
581
3
112
464
484
1069
296
315
1007
567
183
20
67
681
240
963
1237
271
9
28
432
574
3
326
18
47
335
412
22
126
283
10
1073
688
485
63
27
1119
226
578
155
474
85
206
566
973
242
810
944
104
62
34
273
509
1111
1142
497
601
126
51
203
14
18
828
563
132
784
36
23
289
85
685
279
424
651
55
556
419
845
144
530
392
367
648
300
313
121
259
869
196
25
842
551
880
712
493
81
192
412
336
66
696
308
14
633
154
282
610
306
357
4
302
136
1241
664
59
384
36
194
9
47
1103
423
615
543
102
67
51
615
232
3
63
465
244
658
690
90
362
344
89
370
529
55
620
1019
446
814
19
74
286
365
24
537
10
480
333
83
250
0
493
160
283
40
300
63
970
1
423
112
628
279
94
149
362
745
591
9
75
237
93
134
167
58
918
69
853
187
85
116
598
535
1023
13
2
231
266
156
429
619
111
176
120
333
818
145
7
803
388
56
1086
47
176
482
609
618
9
548
0
510
85
874
344
738
739
721
14
601
418
297
5
1008
219
1100
1247
3
187
310
208
964
181
285
1343
298
329
454
108
41
209
260
174
401
1126
235
73
540
248
0
941
555
45
291
8
589
235
1382
512
368
139
734
846
7
34
111
216
683
226
56
107
495
287
126
1047
730
3
129
300
755
392
39
21
208
34
86
100
440
537
158
750
807
25
992
557
174
413
140
858
432
887
938
228
350
609
20
966
230
432
231
67
22
100
140
1268
1116
157
1052
54
24
809
62
0
1278
96
323
20
87
493
257
23
191
56
685
258
241
51
28
1357
93
1238
471
37
731
328
451
529
398
262
683
461
397
74
65
214
866
493
62
3
359
617
24
32
183
151
531
24
241
400
101
154
0
88
69
688
650
558
274
129
629
478
605
1138
623
453
723
57
633
1083
302
657
556
82
151
548
231
485
37
175
400
25
9
97
375
316
96
90
848
1057
79
18
639
358
256
407
693
103
751
259
230
295
800
719
957
14
7
35
289
480
69
1106
1364
57
58
115
761
162
314
321
177
312
288
684
96
841
69
904
191
38
572
182
122
184
87
59
808
103
73
336
483
317
40
311
74
67
901
163
19
2
122
486
222
55
420
96
28
260
227
31
324
853
17
124
518
122
63
936
831
411
174
519
610
161
1080
454
9
708
169
623
347
180
267
173
206
612
63
11
113
613
719
902
19
91
157
78
494
20
146
13
1
320
90
131
699
873
4
120
243
27
417
37
480
258
581
211
214
660
119
504
193
814
406
513
17
587
522
283
1112
225
370
171
1058
770
191
347
920
225
104
650
43
21
458
298
635
301
97
343
140
108
180
34
423
149
827
1114
54
299
160
451
63
345
56
20
846
138
147
16
48
372
921
3
599
280
810
535
341
315
111
261
382
208
173
50
243
115
298
742
9
286
586
452
47
321
140
330
7
82
273
344
2
558
385
44
377
200
111
644
739
77
43
966
147
100
1180
0
519
364
21
494
57
234
400
80
762
23
124
311
14
322
217
957
615
323
369
449
208
198
335
632
325
805
46
121
1253
232
980
2
5
92
110
492
359
1155
629
204
1127
6
215
417
413
188
205
26
79
786
15
242
501
1
149
424
357
356
512
153
595
258
3
60
505
16
916
400
906
698
76
179
1023
499
486
474
254
392
168
764
865
1021
10
470
112
1117
126
78
86
319
1
1439
16
796
3
532
50
1454
134
312
58
206
341
1298
258
155
1431
197
51
172
415
908
381
328
945
11
1025
925
58
12
251
880
145
441
1024
52
151
28
701
1155
389
1071
424
155
14
471
248
387
305
248
10
206
384
31
926
9
386
459
367
490
885
330
20
37
320
28
74
1
494
361
227
57
233
341
122
325
144
365
320
197
1175
226
580
37
7
188
4
430
529
72
198
785
0
173
22
144
781
534
230
332
358
439
907
1273
394
14
786
540
270
970
80
818
169
164
436
62
736
213
702
900
145
7
300
11
214
44
295
39
59
1103
546
990
1406
178
181
860
288
300
188
97
198
327
248
239
230
365
150
77
829
790
41
630
52
50
225
233
735
127
480
241
58
380
236
294
139
5
631
115
430
89
29
354
123
65
673
1
49
37
364
1105
3
857
256
235
418
520
161
600
305
115
48
210
257
527
529
388
873
1393
807
41
293
44
804
544
1188
84
643
554
648
7
0
269
591
527
81
224
520
174
3
250
134
661
361
109
1028
286
969
438
2
772
88
163
37
173
32
88
980
253
91
750
1024
778
192
650
263
57
205
36
967
731
344
23
19
243
1055
855
643
142
236
172
684
272
586
709
896
838
31
326
542
964
1
705
178
302
298
1009
162
641
416
192
2
627
792
135
217
730
125
461
469
833
188
99
714
30
75
461
116
286
510
510
14
19
582
463
378
129
304
1152
25
415
255
690
355
158
19
282
117
29
289
50
33
283
1175
108
352
413
95
222
658
529
611
1021
672
31
555
256
180
281
162
50
339
473
752
116
983
965
203
203
465
75
420
170
197
696
403
1
469
789
430
178
812
24
215
166
105
492
439
498
678
44
31
220
141
132
576
32
59
319
232
20
798
382
81
97
508
721
48
112
5
1132
472
397
889
694
174
109
468
10
46
127
1117
77
400
938
0
474
136
198
831
121
29
168
23
185
1167
1130
43
43
523
1005
301
1190
974
296
143
347
658
284
72
702
1280
105
17
220
409
21
147
200
1003
4
487
32
1354
212
256
112
700
793
236
39
97
553
123
253
97
390
324
1458
171
169
128
747
375
261
403
704
792
639
13
396
1302
544
28
325
47
805
672
130
207
214
97
56
447
296
8
623
197
93
932
113
28
698
207
98
0
14
51
771
367
450
324
460
277
1053
180
579
154
232
298
158
1369
421
17
0
45
737
432
28
466
183
97
252
567
710
504
742
362
721
491
114
48
618
193
130
159
286
916
816
1028
261
227
76
149
176
409
298
5
835
503
11
25
94
96
7
17
9
659
260
335
440
184
21
812
1260
1052
Case #13: 
0
0
0
0
0
0
0
0
0
0
0
0
0
0
0
0
0
0
0
0
0
0
0
0
0
0
0
0
0
0
0
0
0
0
0
0
0
0
0
0
0
0
0
0
0
0
0
0
0
0
0
0
0
0
0
0
0
0
0
0
0
0
0
0
0
0
0
0
0
0
0
0
0
0
0
0
0
0
0
0
0
0
0
0
0
0
0
0
0
0
0
0
0
0
0
0
0
0
0
0
0
0
0
0
0
0
0
0
0
0
0
0
0
0
0
0
0
0
0
0
0
0
0
0
0
0
0
0
0
0
0
0
0
0
0
0
0
0
0
0
0
0
0
0
0
0
0
0
0
0
0
0
0
0
0
0
0
0
0
0
0
0
0
0
0
0
0
0
0
0
0
0
0
0
0
0
0
0
0
0
0
0
0
0
0
0
0
0
0
0
0
0
0
0
0
0
0
0
0
0
0
0
0
0
0
0
0
0
0
0
0
0
0
0
0
0
0
0
0
0
0
0
0
0
0
0
0
0
0
0
0
0
0
0
0
0
0
0
0
0
0
0
0
0
0
0
0
0
0
0
0
0
0
0
0
0
0
0
0
0
0
0
0
0
0
0
0
0
0
0
0
0
0
0
0
0
0
0
0
0
0
0
0
0
0
0
0
0
0
0
0
0
0
0
0
0
0
0
0
0
0
0
0
0
0
0
0
0
0
0
0
0
0
0
0
0
0
0
0
0
0
0
0
0
0
0
0
0
0
0
0
0
0
0
0
0
0
0
0
0
0
0
0
0
0
0
0
0
0
0
0
0
0
0
0
0
0
0
0
0
0
0
0
0
0
0
0
0
0
0
0
0
0
0
0
0
0
0
0
0
0
0
0
0
0
0
0
0
0
0
0
0
0
0
0
0
0
0
0
0
0
0
0
0
0
0
0
0
0
0
0
0
0
0
0
0
0
0
0
0
0
0
0
0
0
0
0
0
0
0
0
0
0
0
0
0
0
0
0
0
0
0
0
0
0
0
0
0
0
0
0
0
0
0
0
0
0
0
0
0
0
0
0
0
0
0
0
0
0
0
0
0
0
0
0
0
0
0
0
0
0
0
0
0
0
0
0
0
0
0
0
0
0
0
0
0
0
0
0
0
0
0
0
0
0
0
0
0
0
0
0
0
0
0
0
0
0
0
0
0
0
0
0
0
0
0
0
0
0
0
0
0
0
0
0
0
0
0
0
0
0
0
0
0
0
0
0
0
0
0
0
0
0
0
0
0
0
0
0
0
0
0
0
0
0
0
0
0
0
0
0
0
0
0
0
0
0
0
0
0
0
0
0
0
0
0
0
0
0
0
0
0
0
0
0
0
0
0
0
0
0
0
0
0
0
0
0
0
0
0
0
0
0
0
0
0
0
0
0
0
0
0
0
0
0
0
0
0
0
0
0
0
0
0
0
0
0
0
0
0
0
0
0
0
0
0
0
0
0
0
0
0
0
0
0
0
0
0
0
0
0
0
0
0
0
0
0
0
0
0
0
0
0
0
0
0
0
0
0
0
0
0
0
0
0
0
0
0
0
0
0
0
0
0
0
0
0
0
0
0
0
0
0
0
0
0
0
0
0
0
0
0
0
0
0
0
0
0
0
0
0
0
0
0
0
0
0
0
0
0
0
0
0
0
0
0
0
0
0
0
0
0
0
0
0
0
0
0
0
0
0
0
0
0
0
0
0
0
0
0
0
Case #14: 
4
1042
432
620
158
695
1
135
944
917
180
500
104
397
501
306
48
309
5
4
270
31
285
469
461
105
156
113
939
0
278
182
16
296
416
446
101
627
20
406
143
211
638
129
343
555
809
84
1035
1012
260
6
460
2
73
745
72
80
151
2
124
358
519
226
58
357
19
1165
80
837
795
14
104
74
287
535
191
282
638
623
250
64
557
241
335
176
501
386
8
452
607
323
124
2
213
164
55
428
305
230
10
30
4
255
17
997
234
3
45
275
7
875
214
110
65
409
274
65
579
49
592
71
171
42
19
184
717
255
46
254
522
126
0
294
179
249
63
257
361
472
91
593
55
987
376
427
797
0
818
116
53
327
85
249
990
204
462
18
239
51
44
87
22
53
313
2
64
621
456
32
17
85
24
534
9
613
600
458
407
483
127
697
357
369
237
408
84
34
308
25
8
446
654
709
853
327
237
6
892
9
5
209
357
134
311
88
832
351
310
657
261
47
957
109
212
926
21
24
324
104
214
112
336
221
14
182
74
155
41
783
706
505
109
313
49
351
111
83
269
362
134
10
63
254
108
143
299
312
458
442
897
410
145
256
551
671
3
393
388
390
530
345
382
484
13
272
78
514
212
644
262
882
136
674
10
555
172
20
363
373
34
455
252
598
182
21
411
0
44
205
36
121
366
10
319
21
532
646
52
101
686
693
90
218
606
93
99
118
43
369
190
168
52
680
642
7
711
245
273
318
956
1
77
244
94
440
878
118
340
269
332
41
307
1043
92
170
382
102
884
63
313
92
115
987
40
251
172
312
177
8
63
801
62
837
359
351
263
58
46
61
361
806
63
458
452
67
541
876
126
85
403
494
256
550
268
294
45
118
29
80
435
529
15
239
563
57
902
271
302
463
157
2
298
517
75
380
649
859
34
310
12
77
761
86
172
25
801
2
308
619
272
238
32
860
928
1007
145
155
54
7
129
141
147
19
1160
65
797
265
482
6
4
533
258
76
595
322
239
537
36
553
319
603
596
795
89
437
672
0
177
604
24
63
51
284
300
25
407
110
314
218
992
267
192
215
941
136
330
94
402
724
685
348
73
242
320
425
182
625
108
78
391
528
121
149
919
1
355
429
321
23
476
147
139
272
573
27
361
288
260
304
187
77
120
237
295
90
514
190
303
537
79
781
78
6
19
938
602
199
24
33
423
2
21
410
59
227
114
264
100
584
67
956
30
618
266
75
26
237
868
72
28
148
163
255
63
95
872
19
224
11
50
84
54
132
334
49
454
24
733
128
288
429
11
540
73
820
128
173
27
20
88
466
213
67
85
475
891
395
917
720
81
138
31
20
481
66
790
547
675
951
4
254
952
240
508
545
883
429
348
176
636
110
676
37
429
825
256
181
770
743
34
871
465
444
3
105
82
274
395
1128
1027
602
586
97
356
113
0
739
189
40
262
61
14
244
93
962
871
111
1195
658
211
611
13
1074
474
198
621
153
91
827
590
15
94
267
279
93
249
473
469
482
687
91
68
214
49
6
73
1067
700
229
341
673
72
158
188
18
250
471
755
676
351
709
6
59
143
653
280
369
20
690
32
108
533
110
319
337
154
249
59
48
33
615
97
173
447
332
392
41
442
109
241
33
176
367
0
581
659
495
302
568
361
260
44
299
823
618
751
309
624
66
0
34
498
307
208
322
411
261
374
254
1018
223
362
137
375
35
662
524
212
158
14
604
415
679
74
443
372
167
17
123
5
7
532
608
1
355
343
258
160
8
33
336
861
620
511
659
7
748
124
68
211
130
724
169
1086
322
249
74
38
322
165
645
68
102
467
437
437
439
221
473
20
9
3
516
282
1
951
446
52
6
141
96
213
1070
129
90
266
66
195
935
93
192
224
1265
420
234
190
117
137
127
37
23
362
257
338
417
195
331
298
113
185
127
92
167
123
592
415
814
919
103
102
3
97
170
1045
204
314
331
569
351
315
92
201
533
6
73
586
524
177
305
278
146
983
246
32
148
377
184
394
39
0
85
602
8
653
481
982
44
191
448
429
299
578
376
14
86
3
629
861
180
815
888
32
540
19
333
814
210
31
80
893
275
824
57
206
712
554
417
1
45
304
112
12
969
425
18
120
262
716
387
220
135
5
57
349
984
67
861
634
150
478
62
134
226
50
20
203
62
450
834
113
12
17
280
580
401
60
15
258
619
745
696
549
267
835
35
294
472
244
84
279
191
457
496
62
156
116
151
43
37
419
30
124
531
134
283
648
193
125
827
7
353
1105
504
130
359
390
542
16
123
194
213
0
112
50
274
151
126
69
784
972
286
577
130
1
47
137
367
50
420
193
766
16
192
242
83
84
239
119
118
145
303
197
225
157
20
481
662
254
431
587
250
144
187
734
71
0
58
261
655
914
428
842
613
115
680
32
2
63
547
328
301
448
73
208
308
678
38
227
334
3
246
681
17
214
629
0
224
222
177
85
736
261
883
224
231
426
191
77
86
513
147
5
458
585
33
255
156
110
87
364
639
100
273
613
45
25
33
31
1
49
897
79
256
249
5
136
167
22
417
631
599
1181
204
691
75
733
208
136
1
18
455
449
38
62
524
111
103
716
61
143
855
222
104
481
221
902
49
955
1022
86
2
256
283
323
67
161
739
81
435
370
444
200
442
468
49
0
101
192
600
7
10
489
227
500
487
65
244
240
1
621
439
173
46
390
398
277
20
110
636
15
194
361
154
115
153
347
13
524
0
520
247
29
393
25
693
544
501
154
1117
156
46
667
12
93
423
18
941
491
365
159
777
1215
680
856
238
274
537
299
107
55
197
440
365
14
25
126
745
983
171
261
26
592
182
415
176
71
1
662
186
837
531
76
144
175
80
342
632
162
314
440
839
75
314
44
53
336
245
22
383
334
339
325
278
464
35
830
42
54
6
81
700
832
31
8
486
12
304
208
457
75
26
35
65
803
627
424
25
391
905
310
105
568
155
12
319
197
113
16
786
653
85
482
211
126
705
32
1003
113
323
217
159
233
212
718
500
132
166
90
1
385
150
3
603
69
371
117
7
432
899
121
800
566
386
544
1027
253
414
168
142
724
61
310
92
131
2
457
74
289
247
741
404
42
568
548
229
71
223
75
1260
462
561
26
269
55
38
709
661
966
554
120
39
864
962
1032
774
724
202
7
105
495
377
546
215
1214
158
814
1010
318
17
183
95
83
453
378
234
13
262
168
217
392
113
26
64
1094
662
55
338
62
555
701
551
399
164
334
7
35
14
120
526
1010
36
91
385
172
1009
283
46
406
371
253
343
444
126
23
170
665
691
530
1051
732
1125
223
78
284
41
44
8
763
114
204
116
357
158
95
222
813
125
386
144
789
15
782
742
324
275
275
251
333
687
702
66
165
345
96
19
541
112
20
619
31
557
436
472
693
417
468
896
703
402
132
104
297
421
467
1035
630
1041
364
27
50
71
496
51
876
83
124
41
149
881
42
479
1
82
37
265
549
7
341
126
89
286
168
215
3
785
13
318
881
360
12
136
495
213
686
214
626
6
233
209
47
22
367
663
334
187
292
129
481
331
243
790
27
105
657
205
558
129
243
19
590
530
173
78
460
927
205
100
49
252
79
34
43
233
270
669
21
270
505
691
701
156
36
186
8
1020
73
78
1031
815
39
109
282
174
870
862
527
155
61
126
609
245
6
32
42
156
120
215
165
273
130
108
114
53
165
17
105
125
137
899
145
108
458
919
28
0
343
430
391
33
78
124
128
1027
181
1
117
157
13
634
784
1021
357
667
1064
204
38
138
62
678
155
77
197
158
189
216
24
921
312
668
151
557
4
80
19
723
838
4
972
470
100
724
692
75
11
339
99
1003
397
15
61
689
96
1095
874
466
451
74
226
355
304
194
866
402
692
138
555
32
18
684
114
42
226
59
595
462
0
317
71
516
399
97
478
319
97
467
718
405
23
164
809
267
340
569
304
314
39
301
350
225
180
206
3
495
47
167
85
500
197
290
191
154
468
640
227
24
615
51
1053
280
559
769
572
396
187
101
438
175
295
970
136
235
7
87
56
517
348
500
570
109
81
572
941
173
204
203
593
435
94
74
357
1
46
1082
33
1
304
94
463
313
166
683
1081
746
349
219
2
58
324
464
13
519
25
134
12
139
95
559
622
368
804
146
50
107
830
310
817
860
166
86
659
678
130
406
347
358
100
341
383
1070
371
191
183
617
899
225
327
40
463
183
124
36
345
415
423
493
774
146
788
29
47
98
55
111
18
202
87
81
421
53
1080
914
46
175
266
1114
773
256
348
805
12
39
114
31
60
292
350
229
307
323
796
171
598
26
183
57
20
80
644
152
836
748
549
293
148
295
123
137
464
558
3
999
213
131
329
137
402
707
46
949
7
341
128
408
176
72
315
718
1141
654
180
255
61
407
638
31
463
518
298
955
476
797
580
182
26
114
327
326
763
359
695
189
173
125
82
306
121
71
75
7
587
340
573
501
27
108
526
800
1120
564
794
954
788
121
185
714
21
147
88
749
157
153
188
893
830
212
159
14
171
36
697
259
678
113
140
268
157
2
95
319
225
170
35
14
773
175
486
472
18
579
765
544
143
6
639
36
262
606
447
643
817
25
24
15
9
1135
793
394
199
42
431
107
1
55
721
612
808
1205
669
764
88
54
3
172
499
510
216
104
330
922
335
695
59
95
973
90
473
125
0
138
761
117
32
526
723
249
138
523
255
575
648
17
35
31
12
103
671
423
390
109
482
315
55
496
155
311
682
527
238
36
905
731
234
212
118
692
239
381
6
734
1043
5
274
205
178
24
493
269
92
54
152
93
207
552
858
123
32
23
5
648
915
64
23
308
624
228
248
769
506
154
249
58
198
143
472
1016
735
23
182
203
10
58
28
61
118
398
118
39
201
76
241
0
410
259
119
34
201
87
58
292
228
587
36
700
194
15
258
256
547
145
244
150
124
177
491
7
170
13
3
43
546
194
264
340
259
63
661
770
0
56
701
527
53
279
546
255
50
59
350
323
613
479
195
121
439
80
17
72
642
599
318
752
117
932
1114
653
609
102
288
542
486
22
94
136
1131
362
30
10
930
36
677
254
249
343
397
520
880
112
331
950
15
288
55
271
295
474
125
364
249
2
723
299
607
488
56
167
153
197
639
634
77
864
8
221
68
280
51
409
239
295
1040
612
5
356
509
248
234
172
802
24
517
96
492
848
400
294
436
318
44
233
92
554
154
85
135
740
196
1123
611
405
479
35
198
128
281
371
527
732
426
42
67
329
83
262
7
683
181
545
263
840
75
195
79
142
384
63
116
58
30
114
119
116
399
24
6
349
156
289
854
0
573
333
439
145
607
25
431
162
97
146
670
85
1090
9
15
330
265
117
8
557
283
222
125
91
93
862
6
86
608
622
105
330
444
45
56
241
72
613
185
872
11
604
227
846
648
156
238
538
147
562
23
95
612
434
186
41
342
754
75
682
754
10
150
257
187
1144
197
20
241
560
653
307
1032
8
477
118
100
67
40
772
198
331
43
38
827
930
85
275
756
145
267
551
220
232
85
16
11
194
41
678
284
234
351
779
546
28
182
572
126
52
380
274
191
1031
109
11
173
799
16
91
112
25
287
121
142
352
176
5
523
48
247
983
440
281
32
289
282
297
121
32
73
330
595
394
44
123
269
86
76
90
244
44
182
766
32
39
104
532
305
375
553
283
1084
42
927
359
421
31
212
154
16
46
341
249
75
197
220
966
16
41
103
36
335
2
186
159
432
514
24
44
167
369
505
751
67
198
65
45
113
57
426
147
875
235
258
644
1175
567
354
8
504
352
827
106
12
65
226
624
206
321
32
259
17
19
63
575
87
125
712
291
229
3
284
19
194
6
157
170
