Configuring QuickCheck-2.8.1...
Building QuickCheck-2.8.1...
Preprocessing library QuickCheck-2.8.1...

Test/QuickCheck/Arbitrary.hs:6:37: Warning:
    -XOverlappingInstances is deprecated: instead use per-instance pragmas OVERLAPPING/OVERLAPPABLE/OVERLAPS
[ 1 of 15] Compiling Test.QuickCheck.Random ( Test/QuickCheck/Random.hs, dist/dist-sandbox-3af06917/build/Test/QuickCheck/Random.o )
[ 2 of 15] Compiling Test.QuickCheck.Exception ( Test/QuickCheck/Exception.hs, dist/dist-sandbox-3af06917/build/Test/QuickCheck/Exception.o )
[ 3 of 15] Compiling Test.QuickCheck.Text ( Test/QuickCheck/Text.hs, dist/dist-sandbox-3af06917/build/Test/QuickCheck/Text.o )
[ 4 of 15] Compiling Test.QuickCheck.State ( Test/QuickCheck/State.hs, dist/dist-sandbox-3af06917/build/Test/QuickCheck/State.o )
[ 5 of 15] Compiling Test.QuickCheck.Gen ( Test/QuickCheck/Gen.hs, dist/dist-sandbox-3af06917/build/Test/QuickCheck/Gen.o )
[ 6 of 15] Compiling Test.QuickCheck.Gen.Unsafe ( Test/QuickCheck/Gen/Unsafe.hs, dist/dist-sandbox-3af06917/build/Test/QuickCheck/Gen/Unsafe.o )
[ 7 of 15] Compiling Test.QuickCheck.Arbitrary ( Test/QuickCheck/Arbitrary.hs, dist/dist-sandbox-3af06917/build/Test/QuickCheck/Arbitrary.o )
[ 8 of 15] Compiling Test.QuickCheck.Modifiers ( Test/QuickCheck/Modifiers.hs, dist/dist-sandbox-3af06917/build/Test/QuickCheck/Modifiers.o )
[ 9 of 15] Compiling Test.QuickCheck.Poly ( Test/QuickCheck/Poly.hs, dist/dist-sandbox-3af06917/build/Test/QuickCheck/Poly.o )
[10 of 15] Compiling Test.QuickCheck.Function ( Test/QuickCheck/Function.hs, dist/dist-sandbox-3af06917/build/Test/QuickCheck/Function.o )
[11 of 15] Compiling Test.QuickCheck.Property ( Test/QuickCheck/Property.hs, dist/dist-sandbox-3af06917/build/Test/QuickCheck/Property.o )
[12 of 15] Compiling Test.QuickCheck.Test ( Test/QuickCheck/Test.hs, dist/dist-sandbox-3af06917/build/Test/QuickCheck/Test.o )
[13 of 15] Compiling Test.QuickCheck.All ( Test/QuickCheck/All.hs, dist/dist-sandbox-3af06917/build/Test/QuickCheck/All.o )
[14 of 15] Compiling Test.QuickCheck.Monadic ( Test/QuickCheck/Monadic.hs, dist/dist-sandbox-3af06917/build/Test/QuickCheck/Monadic.o )
[15 of 15] Compiling Test.QuickCheck  ( Test/QuickCheck.hs, dist/dist-sandbox-3af06917/build/Test/QuickCheck.o )

Test/QuickCheck/Arbitrary.hs:6:37: Warning:
    -XOverlappingInstances is deprecated: instead use per-instance pragmas OVERLAPPING/OVERLAPPABLE/OVERLAPS
[ 1 of 15] Compiling Test.QuickCheck.Random ( Test/QuickCheck/Random.hs, dist/dist-sandbox-3af06917/build/Test/QuickCheck/Random.p_o )
[ 2 of 15] Compiling Test.QuickCheck.Exception ( Test/QuickCheck/Exception.hs, dist/dist-sandbox-3af06917/build/Test/QuickCheck/Exception.p_o )
[ 3 of 15] Compiling Test.QuickCheck.Text ( Test/QuickCheck/Text.hs, dist/dist-sandbox-3af06917/build/Test/QuickCheck/Text.p_o )
[ 4 of 15] Compiling Test.QuickCheck.State ( Test/QuickCheck/State.hs, dist/dist-sandbox-3af06917/build/Test/QuickCheck/State.p_o )
[ 5 of 15] Compiling Test.QuickCheck.Gen ( Test/QuickCheck/Gen.hs, dist/dist-sandbox-3af06917/build/Test/QuickCheck/Gen.p_o )
[ 6 of 15] Compiling Test.QuickCheck.Gen.Unsafe ( Test/QuickCheck/Gen/Unsafe.hs, dist/dist-sandbox-3af06917/build/Test/QuickCheck/Gen/Unsafe.p_o )
[ 7 of 15] Compiling Test.QuickCheck.Arbitrary ( Test/QuickCheck/Arbitrary.hs, dist/dist-sandbox-3af06917/build/Test/QuickCheck/Arbitrary.p_o )
[ 8 of 15] Compiling Test.QuickCheck.Modifiers ( Test/QuickCheck/Modifiers.hs, dist/dist-sandbox-3af06917/build/Test/QuickCheck/Modifiers.p_o )
[ 9 of 15] Compiling Test.QuickCheck.Poly ( Test/QuickCheck/Poly.hs, dist/dist-sandbox-3af06917/build/Test/QuickCheck/Poly.p_o )
[10 of 15] Compiling Test.QuickCheck.Function ( Test/QuickCheck/Function.hs, dist/dist-sandbox-3af06917/build/Test/QuickCheck/Function.p_o )
[11 of 15] Compiling Test.QuickCheck.Property ( Test/QuickCheck/Property.hs, dist/dist-sandbox-3af06917/build/Test/QuickCheck/Property.p_o )
[12 of 15] Compiling Test.QuickCheck.Test ( Test/QuickCheck/Test.hs, dist/dist-sandbox-3af06917/build/Test/QuickCheck/Test.p_o )
[13 of 15] Compiling Test.QuickCheck.All ( Test/QuickCheck/All.hs, dist/dist-sandbox-3af06917/build/Test/QuickCheck/All.p_o )
[14 of 15] Compiling Test.QuickCheck.Monadic ( Test/QuickCheck/Monadic.hs, dist/dist-sandbox-3af06917/build/Test/QuickCheck/Monadic.p_o )
[15 of 15] Compiling Test.QuickCheck  ( Test/QuickCheck.hs, dist/dist-sandbox-3af06917/build/Test/QuickCheck.p_o )
In-place registering QuickCheck-2.8.1...
Creating package registration file:
/tmp/pkgConf-QuickCheck-2.82145174067468703135.1
Installing library in
/home/neil/Dev/codejam/2015/sandbox/lib/x86_64-linux-ghc-7.10.1/Quick_BRNuyOwkghFLmS8ahPVk7w
Registering QuickCheck-2.8.1...
